nov. 13, 2024 11:11:27 AM controler.business.comunicaTiny.Comunica verificaConexao
INFORMAÇÕES: verificando conexao
nov. 13, 2024 11:11:27 AM controler.business.comunicaTiny.Comunica getSeparacao
INFORMAÇÕES: Buscando separacao
nov. 13, 2024 11:11:28 AM controler.business.comunicaTiny.Comunica getSeparacao
INFORMAÇÕES: retorno da busca{"retorno":{"status_processamento":"2","status":"Erro","codigo_erro":31,"erros":[{"erro":"Token inv\u00e1lido","campo":"token"}]}}
nov. 13, 2024 11:11:28 AM controler.business.comunicaTiny.Comunica verificaConexao
INFORMAÇÕES: Retorno da buscamodel.RetornoSeparacao@5accc41d
nov. 13, 2024 11:11:28 AM controler.business.comunicaTiny.Comunica verificaConexao
INFORMAÇÕES: Retorno da buscamodel.RetornoSeparacao@5accc41d
nov. 13, 2024 11:11:42 AM controler.business.comunicaTiny.Comunica verificaConexao
INFORMAÇÕES: verificando conexao
nov. 13, 2024 11:11:42 AM controler.business.comunicaTiny.Comunica getSeparacao
INFORMAÇÕES: Buscando separacao
nov. 13, 2024 11:11:42 AM controler.business.comunicaTiny.Comunica getSeparacao
INFORMAÇÕES: retorno da busca{"retorno":{"status_processamento":"2","status":"Erro","codigo_erro":31,"erros":[{"erro":"Token inv\u00e1lido","campo":"token"}]}}
nov. 13, 2024 11:11:42 AM controler.business.comunicaTiny.Comunica verificaConexao
INFORMAÇÕES: Retorno da buscamodel.RetornoSeparacao@5ce9ae5
nov. 13, 2024 11:11:42 AM controler.business.comunicaTiny.Comunica verificaConexao
INFORMAÇÕES: Retorno da buscamodel.RetornoSeparacao@5ce9ae5
nov. 13, 2024 11:11:56 AM controler.business.comunicaTiny.Comunica verificaConexao
INFORMAÇÕES: verificando conexao
nov. 13, 2024 11:11:56 AM controler.business.comunicaTiny.Comunica getSeparacao
INFORMAÇÕES: Buscando separacao
nov. 13, 2024 11:11:56 AM controler.business.comunicaTiny.Comunica getSeparacao
INFORMAÇÕES: retorno da busca{"retorno":{"status_processamento":"3","status":"OK","separacoes":[{"id":"917646849","idOrigem":"917644204","objOrigem":"venda","situacao":"3","dataCriacao":"13\/11\/2024","dataSeparacao":"13\/11\/2024","dataCheckout":"13\/11\/2024","destinatario":"Jessica Faria","idContato":"759261950","numero":"4959","dataEmissao":"13\/11\/2024","idFormaEnvio":"831447161","numeroPedidoEcommerce":"2000006624800075","idOrigemVinc":"917647696","objOrigemVinc":"notafiscal","situacaoVenda":"7"},{"id":"917653044","idOrigem":"917650975","objOrigem":"venda","situacao":"3","dataCriacao":"13\/11\/2024","dataSeparacao":"13\/11\/2024","dataCheckout":"13\/11\/2024","destinatario":"Miryan palhari zacarias benez","idContato":"759010131","numero":"4961","dataEmissao":"13\/11\/2024","idFormaEnvio":"832320467","numeroPedidoEcommerce":"702-4660077-8820217","idOrigemVinc":"917655927","objOrigemVinc":"notafiscal","situacaoVenda":"5"}],"numero_paginas":1,"pagina":"1"}}
nov. 13, 2024 11:11:56 AM controler.business.comunicaTiny.Comunica verificaConexao
INFORMAÇÕES: Retorno da buscamodel.RetornoSeparacao@4267e138
nov. 13, 2024 11:11:56 AM controler.business.comunicaTiny.Comunica verificaConexao
INFORMAÇÕES: Retorno da buscamodel.RetornoSeparacao@4267e138
nov. 13, 2024 11:11:56 AM controler.business.comunicaTiny.Comunica getSeparacao
INFORMAÇÕES: Buscando separacao
nov. 13, 2024 11:11:57 AM controler.business.comunicaTiny.Comunica getSeparacao
INFORMAÇÕES: retorno da busca{"retorno":{"status_processamento":"3","status":"OK","separacoes":[{"id":"917646849","idOrigem":"917644204","objOrigem":"venda","situacao":"3","dataCriacao":"13\/11\/2024","dataSeparacao":"13\/11\/2024","dataCheckout":"13\/11\/2024","destinatario":"Jessica Faria","idContato":"759261950","numero":"4959","dataEmissao":"13\/11\/2024","idFormaEnvio":"831447161","numeroPedidoEcommerce":"2000006624800075","idOrigemVinc":"917647696","objOrigemVinc":"notafiscal","situacaoVenda":"7"},{"id":"917653044","idOrigem":"917650975","objOrigem":"venda","situacao":"3","dataCriacao":"13\/11\/2024","dataSeparacao":"13\/11\/2024","dataCheckout":"13\/11\/2024","destinatario":"Miryan palhari zacarias benez","idContato":"759010131","numero":"4961","dataEmissao":"13\/11\/2024","idFormaEnvio":"832320467","numeroPedidoEcommerce":"702-4660077-8820217","idOrigemVinc":"917655927","objOrigemVinc":"notafiscal","situacaoVenda":"5"}],"numero_paginas":1,"pagina":"1"}}
nov. 13, 2024 11:11:57 AM controler.business.comunicaTiny.Comunica getExpedicao
INFORMAÇÕES: Buscando expedicao
nov. 13, 2024 11:11:57 AM controler.business.comunicaTiny.Comunica getExpedicao
INFORMAÇÕES: retorno da busca{"retorno":{"status_processamento":"3","status":"OK","expedicao":{"id":"520086179","tipoObjeto":"notafiscal","idObjeto":"917647696","idAgrupamento":"498037392","situacao":"1","dataEmissao":"13\/11\/2024","formaEnvio":"M","identificacao":"NF 003452","qtdVolumes":"0","valorDeclarado":"0,00","possuiValorDeclarado":"N","pesoBruto":"0,000","codigoRastreamento":"","urlRastreamento":"","possuiAR":"N","embalagem":{"tipo":"0","altura":"0,00","largura":"0,00","comprimento":"0,00","diametro":"0,00"},"destinatario":{"nome":"Alice Maciel","endereco":"Rua C\u00e2ndido Azeredo","numero":"21","complemento":"301 Referencia: Entregar em hor\u00e1rio comercial 08hs as 17hs segunda a sexta","bairro":"Centro","cep":"35.700-019","cidade":"Sete Lagoas","uf":"MG"},"transportadora":{"id":0,"nome":""},"formaFrete":{"id":0,"descricao":""}}}}
nov. 13, 2024 11:11:57 AM controler.business.comunicaTiny.Comunica getEtiqueta
INFORMAÇÕES: buscando etiqueta
nov. 13, 2024 11:11:58 AM controler.business.comunicaTiny.Comunica getEtiqueta
INFORMAÇÕES: retorno da busca{"retorno":{"status_processamento":"3","status":"OK","links":[{"link":"https:\/\/s3.amazonaws.com\/tiny-tmp-us\/erp\/ODMxNjAxNTQz\/api\/etiquetas\/548b1310e4d379c072392966fc4870ef.pdf"}]}}
nov. 13, 2024 11:11:58 AM controler.business.comunicaTiny.Comunica getExpedicao
INFORMAÇÕES: Buscando expedicao
nov. 13, 2024 11:11:58 AM controler.business.comunicaTiny.Comunica getExpedicao
INFORMAÇÕES: retorno da busca{"retorno":{"status_processamento":"2","status":"Erro","codigo_erro":32,"erros":{"erro":"Expedi\u00e7\u00e3o n\u00e3o encontrada pelo idObjeto informado"}}}
nov. 13, 2024 11:12:06 AM controler.business.comunicaTiny.Comunica verificaConexao
INFORMAÇÕES: verificando conexao
nov. 13, 2024 11:12:06 AM controler.business.comunicaTiny.Comunica getSeparacao
INFORMAÇÕES: Buscando separacao
nov. 13, 2024 11:12:07 AM controler.business.comunicaTiny.Comunica getSeparacao
INFORMAÇÕES: retorno da busca{"retorno":{"status_processamento":"3","status":"OK","separacoes":[{"id":"917646849","idOrigem":"917644204","objOrigem":"venda","situacao":"3","dataCriacao":"13\/11\/2024","dataSeparacao":"13\/11\/2024","dataCheckout":"13\/11\/2024","destinatario":"Jessica Faria","idContato":"759261950","numero":"4959","dataEmissao":"13\/11\/2024","idFormaEnvio":"831447161","numeroPedidoEcommerce":"2000006624800075","idOrigemVinc":"917647696","objOrigemVinc":"notafiscal","situacaoVenda":"7"},{"id":"917653044","idOrigem":"917650975","objOrigem":"venda","situacao":"3","dataCriacao":"13\/11\/2024","dataSeparacao":"13\/11\/2024","dataCheckout":"13\/11\/2024","destinatario":"Miryan palhari zacarias benez","idContato":"759010131","numero":"4961","dataEmissao":"13\/11\/2024","idFormaEnvio":"832320467","numeroPedidoEcommerce":"702-4660077-8820217","idOrigemVinc":"917655927","objOrigemVinc":"notafiscal","situacaoVenda":"5"}],"numero_paginas":1,"pagina":"1"}}
nov. 13, 2024 11:12:07 AM controler.business.comunicaTiny.Comunica verificaConexao
INFORMAÇÕES: Retorno da buscamodel.RetornoSeparacao@3658d4a0
nov. 13, 2024 11:12:07 AM controler.business.comunicaTiny.Comunica verificaConexao
INFORMAÇÕES: Retorno da buscamodel.RetornoSeparacao@3658d4a0
nov. 13, 2024 11:12:07 AM controler.business.comunicaTiny.Comunica getSeparacao
INFORMAÇÕES: Buscando separacao
nov. 13, 2024 11:12:07 AM controler.business.comunicaTiny.Comunica getSeparacao
INFORMAÇÕES: retorno da busca{"retorno":{"status_processamento":"3","status":"OK","separacoes":[{"id":"917646849","idOrigem":"917644204","objOrigem":"venda","situacao":"3","dataCriacao":"13\/11\/2024","dataSeparacao":"13\/11\/2024","dataCheckout":"13\/11\/2024","destinatario":"Jessica Faria","idContato":"759261950","numero":"4959","dataEmissao":"13\/11\/2024","idFormaEnvio":"831447161","numeroPedidoEcommerce":"2000006624800075","idOrigemVinc":"917647696","objOrigemVinc":"notafiscal","situacaoVenda":"7"},{"id":"917653044","idOrigem":"917650975","objOrigem":"venda","situacao":"3","dataCriacao":"13\/11\/2024","dataSeparacao":"13\/11\/2024","dataCheckout":"13\/11\/2024","destinatario":"Miryan palhari zacarias benez","idContato":"759010131","numero":"4961","dataEmissao":"13\/11\/2024","idFormaEnvio":"832320467","numeroPedidoEcommerce":"702-4660077-8820217","idOrigemVinc":"917655927","objOrigemVinc":"notafiscal","situacaoVenda":"5"}],"numero_paginas":1,"pagina":"1"}}
nov. 13, 2024 11:12:07 AM controler.business.comunicaTiny.Comunica getExpedicao
INFORMAÇÕES: Buscando expedicao
nov. 13, 2024 11:12:08 AM controler.business.comunicaTiny.Comunica getExpedicao
INFORMAÇÕES: retorno da busca{"retorno":{"status_processamento":"3","status":"OK","expedicao":{"id":"520086179","tipoObjeto":"notafiscal","idObjeto":"917647696","idAgrupamento":"498037392","situacao":"1","dataEmissao":"13\/11\/2024","formaEnvio":"M","identificacao":"NF 003452","qtdVolumes":"0","valorDeclarado":"0,00","possuiValorDeclarado":"N","pesoBruto":"0,000","codigoRastreamento":"","urlRastreamento":"","possuiAR":"N","embalagem":{"tipo":"0","altura":"0,00","largura":"0,00","comprimento":"0,00","diametro":"0,00"},"destinatario":{"nome":"Alice Maciel","endereco":"Rua C\u00e2ndido Azeredo","numero":"21","complemento":"301 Referencia: Entregar em hor\u00e1rio comercial 08hs as 17hs segunda a sexta","bairro":"Centro","cep":"35.700-019","cidade":"Sete Lagoas","uf":"MG"},"transportadora":{"id":0,"nome":""},"formaFrete":{"id":0,"descricao":""}}}}
nov. 13, 2024 11:12:08 AM controler.business.comunicaTiny.Comunica getEtiqueta
INFORMAÇÕES: buscando etiqueta
nov. 13, 2024 11:12:09 AM controler.business.comunicaTiny.Comunica getEtiqueta
INFORMAÇÕES: retorno da busca{"retorno":{"status_processamento":"3","status":"OK","links":[{"link":"https:\/\/s3.amazonaws.com\/tiny-tmp-us\/erp\/ODMxNjAxNTQz\/api\/etiquetas\/19de31c8fc02abb5b5ce7243a2c4b25a.pdf"}]}}
nov. 13, 2024 11:12:09 AM controler.business.comunicaTiny.Comunica getExpedicao
INFORMAÇÕES: Buscando expedicao
nov. 13, 2024 11:12:09 AM controler.business.comunicaTiny.Comunica getExpedicao
INFORMAÇÕES: retorno da busca{"retorno":{"status_processamento":"2","status":"Erro","codigo_erro":32,"erros":{"erro":"Expedi\u00e7\u00e3o n\u00e3o encontrada pelo idObjeto informado"}}}
nov. 13, 2024 11:12:16 AM controler.business.comunicaTiny.Comunica verificaConexao
INFORMAÇÕES: verificando conexao
nov. 13, 2024 11:12:16 AM controler.business.comunicaTiny.Comunica getSeparacao
INFORMAÇÕES: Buscando separacao
nov. 13, 2024 11:12:17 AM controler.business.comunicaTiny.Comunica getSeparacao
INFORMAÇÕES: retorno da busca{"retorno":{"status_processamento":"3","status":"OK","separacoes":[{"id":"917646849","idOrigem":"917644204","objOrigem":"venda","situacao":"3","dataCriacao":"13\/11\/2024","dataSeparacao":"13\/11\/2024","dataCheckout":"13\/11\/2024","destinatario":"Jessica Faria","idContato":"759261950","numero":"4959","dataEmissao":"13\/11\/2024","idFormaEnvio":"831447161","numeroPedidoEcommerce":"2000006624800075","idOrigemVinc":"917647696","objOrigemVinc":"notafiscal","situacaoVenda":"7"},{"id":"917653044","idOrigem":"917650975","objOrigem":"venda","situacao":"3","dataCriacao":"13\/11\/2024","dataSeparacao":"13\/11\/2024","dataCheckout":"13\/11\/2024","destinatario":"Miryan palhari zacarias benez","idContato":"759010131","numero":"4961","dataEmissao":"13\/11\/2024","idFormaEnvio":"832320467","numeroPedidoEcommerce":"702-4660077-8820217","idOrigemVinc":"917655927","objOrigemVinc":"notafiscal","situacaoVenda":"5"}],"numero_paginas":1,"pagina":"1"}}
nov. 13, 2024 11:12:17 AM controler.business.comunicaTiny.Comunica verificaConexao
INFORMAÇÕES: Retorno da buscamodel.RetornoSeparacao@c8cc5e6
nov. 13, 2024 11:12:17 AM controler.business.comunicaTiny.Comunica verificaConexao
INFORMAÇÕES: Retorno da buscamodel.RetornoSeparacao@c8cc5e6
nov. 13, 2024 11:12:17 AM controler.business.comunicaTiny.Comunica getSeparacao
INFORMAÇÕES: Buscando separacao
nov. 13, 2024 11:12:17 AM controler.business.comunicaTiny.Comunica getSeparacao
INFORMAÇÕES: retorno da busca{"retorno":{"status_processamento":"3","status":"OK","separacoes":[{"id":"917646849","idOrigem":"917644204","objOrigem":"venda","situacao":"3","dataCriacao":"13\/11\/2024","dataSeparacao":"13\/11\/2024","dataCheckout":"13\/11\/2024","destinatario":"Jessica Faria","idContato":"759261950","numero":"4959","dataEmissao":"13\/11\/2024","idFormaEnvio":"831447161","numeroPedidoEcommerce":"2000006624800075","idOrigemVinc":"917647696","objOrigemVinc":"notafiscal","situacaoVenda":"7"},{"id":"917653044","idOrigem":"917650975","objOrigem":"venda","situacao":"3","dataCriacao":"13\/11\/2024","dataSeparacao":"13\/11\/2024","dataCheckout":"13\/11\/2024","destinatario":"Miryan palhari zacarias benez","idContato":"759010131","numero":"4961","dataEmissao":"13\/11\/2024","idFormaEnvio":"832320467","numeroPedidoEcommerce":"702-4660077-8820217","idOrigemVinc":"917655927","objOrigemVinc":"notafiscal","situacaoVenda":"5"}],"numero_paginas":1,"pagina":"1"}}
nov. 13, 2024 11:12:17 AM controler.business.comunicaTiny.Comunica getExpedicao
INFORMAÇÕES: Buscando expedicao
nov. 13, 2024 11:12:17 AM controler.business.comunicaTiny.Comunica getExpedicao
INFORMAÇÕES: retorno da busca{"retorno":{"status_processamento":"3","status":"OK","expedicao":{"id":"520086179","tipoObjeto":"notafiscal","idObjeto":"917647696","idAgrupamento":"498037392","situacao":"1","dataEmissao":"13\/11\/2024","formaEnvio":"M","identificacao":"NF 003452","qtdVolumes":"0","valorDeclarado":"0,00","possuiValorDeclarado":"N","pesoBruto":"0,000","codigoRastreamento":"","urlRastreamento":"","possuiAR":"N","embalagem":{"tipo":"0","altura":"0,00","largura":"0,00","comprimento":"0,00","diametro":"0,00"},"destinatario":{"nome":"Alice Maciel","endereco":"Rua C\u00e2ndido Azeredo","numero":"21","complemento":"301 Referencia: Entregar em hor\u00e1rio comercial 08hs as 17hs segunda a sexta","bairro":"Centro","cep":"35.700-019","cidade":"Sete Lagoas","uf":"MG"},"transportadora":{"id":0,"nome":""},"formaFrete":{"id":0,"descricao":""}}}}
nov. 13, 2024 11:12:17 AM controler.business.comunicaTiny.Comunica getEtiqueta
INFORMAÇÕES: buscando etiqueta
nov. 13, 2024 11:12:18 AM controler.business.comunicaTiny.Comunica getEtiqueta
INFORMAÇÕES: retorno da busca{"retorno":{"status_processamento":"3","status":"OK","links":[{"link":"https:\/\/s3.amazonaws.com\/tiny-tmp-us\/erp\/ODMxNjAxNTQz\/api\/etiquetas\/6556fb433fbfc3c02c4796e4bd9eb238.pdf"}]}}
nov. 13, 2024 11:12:18 AM controler.business.comunicaTiny.Comunica getExpedicao
INFORMAÇÕES: Buscando expedicao
nov. 13, 2024 11:12:19 AM controler.business.comunicaTiny.Comunica getExpedicao
INFORMAÇÕES: retorno da busca{"retorno":{"status_processamento":"2","status":"Erro","codigo_erro":32,"erros":{"erro":"Expedi\u00e7\u00e3o n\u00e3o encontrada pelo idObjeto informado"}}}
nov. 13, 2024 11:12:25 AM controler.business.comunicaTiny.Comunica verificaConexao
INFORMAÇÕES: verificando conexao
nov. 13, 2024 11:12:25 AM controler.business.comunicaTiny.Comunica getSeparacao
INFORMAÇÕES: Buscando separacao
nov. 13, 2024 11:12:26 AM controler.business.comunicaTiny.Comunica getSeparacao
INFORMAÇÕES: retorno da busca{"retorno":{"status_processamento":"3","status":"OK","separacoes":[{"id":"917646849","idOrigem":"917644204","objOrigem":"venda","situacao":"3","dataCriacao":"13\/11\/2024","dataSeparacao":"13\/11\/2024","dataCheckout":"13\/11\/2024","destinatario":"Jessica Faria","idContato":"759261950","numero":"4959","dataEmissao":"13\/11\/2024","idFormaEnvio":"831447161","numeroPedidoEcommerce":"2000006624800075","idOrigemVinc":"917647696","objOrigemVinc":"notafiscal","situacaoVenda":"7"},{"id":"917653044","idOrigem":"917650975","objOrigem":"venda","situacao":"3","dataCriacao":"13\/11\/2024","dataSeparacao":"13\/11\/2024","dataCheckout":"13\/11\/2024","destinatario":"Miryan palhari zacarias benez","idContato":"759010131","numero":"4961","dataEmissao":"13\/11\/2024","idFormaEnvio":"832320467","numeroPedidoEcommerce":"702-4660077-8820217","idOrigemVinc":"917655927","objOrigemVinc":"notafiscal","situacaoVenda":"5"}],"numero_paginas":1,"pagina":"1"}}
nov. 13, 2024 11:12:26 AM controler.business.comunicaTiny.Comunica verificaConexao
INFORMAÇÕES: Retorno da buscamodel.RetornoSeparacao@2488cb84
nov. 13, 2024 11:12:26 AM controler.business.comunicaTiny.Comunica verificaConexao
INFORMAÇÕES: Retorno da buscamodel.RetornoSeparacao@2488cb84
nov. 13, 2024 11:12:26 AM controler.business.comunicaTiny.Comunica getSeparacao
INFORMAÇÕES: Buscando separacao
nov. 13, 2024 11:12:26 AM controler.business.comunicaTiny.Comunica getSeparacao
INFORMAÇÕES: retorno da busca{"retorno":{"status_processamento":"3","status":"OK","separacoes":[{"id":"917646849","idOrigem":"917644204","objOrigem":"venda","situacao":"3","dataCriacao":"13\/11\/2024","dataSeparacao":"13\/11\/2024","dataCheckout":"13\/11\/2024","destinatario":"Jessica Faria","idContato":"759261950","numero":"4959","dataEmissao":"13\/11\/2024","idFormaEnvio":"831447161","numeroPedidoEcommerce":"2000006624800075","idOrigemVinc":"917647696","objOrigemVinc":"notafiscal","situacaoVenda":"7"},{"id":"917653044","idOrigem":"917650975","objOrigem":"venda","situacao":"3","dataCriacao":"13\/11\/2024","dataSeparacao":"13\/11\/2024","dataCheckout":"13\/11\/2024","destinatario":"Miryan palhari zacarias benez","idContato":"759010131","numero":"4961","dataEmissao":"13\/11\/2024","idFormaEnvio":"832320467","numeroPedidoEcommerce":"702-4660077-8820217","idOrigemVinc":"917655927","objOrigemVinc":"notafiscal","situacaoVenda":"5"}],"numero_paginas":1,"pagina":"1"}}
nov. 13, 2024 11:12:26 AM controler.business.comunicaTiny.Comunica getExpedicao
INFORMAÇÕES: Buscando expedicao
nov. 13, 2024 11:12:27 AM controler.business.comunicaTiny.Comunica getExpedicao
INFORMAÇÕES: retorno da busca{"retorno":{"status_processamento":"3","status":"OK","expedicao":{"id":"520086179","tipoObjeto":"notafiscal","idObjeto":"917647696","idAgrupamento":"498037392","situacao":"1","dataEmissao":"13\/11\/2024","formaEnvio":"M","identificacao":"NF 003452","qtdVolumes":"0","valorDeclarado":"0,00","possuiValorDeclarado":"N","pesoBruto":"0,000","codigoRastreamento":"","urlRastreamento":"","possuiAR":"N","embalagem":{"tipo":"0","altura":"0,00","largura":"0,00","comprimento":"0,00","diametro":"0,00"},"destinatario":{"nome":"Alice Maciel","endereco":"Rua C\u00e2ndido Azeredo","numero":"21","complemento":"301 Referencia: Entregar em hor\u00e1rio comercial 08hs as 17hs segunda a sexta","bairro":"Centro","cep":"35.700-019","cidade":"Sete Lagoas","uf":"MG"},"transportadora":{"id":0,"nome":""},"formaFrete":{"id":0,"descricao":""}}}}
nov. 13, 2024 11:12:27 AM controler.business.comunicaTiny.Comunica getEtiqueta
INFORMAÇÕES: buscando etiqueta
nov. 13, 2024 11:12:28 AM controler.business.comunicaTiny.Comunica getEtiqueta
INFORMAÇÕES: retorno da busca{"retorno":{"status_processamento":"3","status":"OK","links":[{"link":"https:\/\/s3.amazonaws.com\/tiny-tmp-us\/erp\/ODMxNjAxNTQz\/api\/etiquetas\/ba78fb01193766e09c49c760c82c8c4d.pdf"}]}}
nov. 13, 2024 11:12:28 AM controler.business.comunicaTiny.Comunica getExpedicao
INFORMAÇÕES: Buscando expedicao
nov. 13, 2024 11:12:28 AM controler.business.comunicaTiny.Comunica getExpedicao
INFORMAÇÕES: retorno da busca{"retorno":{"status_processamento":"2","status":"Erro","codigo_erro":32,"erros":{"erro":"Expedi\u00e7\u00e3o n\u00e3o encontrada pelo idObjeto informado"}}}
nov. 13, 2024 11:12:34 AM controler.business.comunicaTiny.Comunica verificaConexao
INFORMAÇÕES: verificando conexao
nov. 13, 2024 11:12:34 AM controler.business.comunicaTiny.Comunica getSeparacao
INFORMAÇÕES: Buscando separacao
nov. 13, 2024 11:12:35 AM controler.business.comunicaTiny.Comunica getSeparacao
INFORMAÇÕES: retorno da busca{"retorno":{"status_processamento":"3","status":"OK","separacoes":[{"id":"917646849","idOrigem":"917644204","objOrigem":"venda","situacao":"3","dataCriacao":"13\/11\/2024","dataSeparacao":"13\/11\/2024","dataCheckout":"13\/11\/2024","destinatario":"Jessica Faria","idContato":"759261950","numero":"4959","dataEmissao":"13\/11\/2024","idFormaEnvio":"831447161","numeroPedidoEcommerce":"2000006624800075","idOrigemVinc":"917647696","objOrigemVinc":"notafiscal","situacaoVenda":"7"},{"id":"917653044","idOrigem":"917650975","objOrigem":"venda","situacao":"3","dataCriacao":"13\/11\/2024","dataSeparacao":"13\/11\/2024","dataCheckout":"13\/11\/2024","destinatario":"Miryan palhari zacarias benez","idContato":"759010131","numero":"4961","dataEmissao":"13\/11\/2024","idFormaEnvio":"832320467","numeroPedidoEcommerce":"702-4660077-8820217","idOrigemVinc":"917655927","objOrigemVinc":"notafiscal","situacaoVenda":"5"}],"numero_paginas":1,"pagina":"1"}}
nov. 13, 2024 11:12:35 AM controler.business.comunicaTiny.Comunica verificaConexao
INFORMAÇÕES: Retorno da buscamodel.RetornoSeparacao@4653171c
nov. 13, 2024 11:12:35 AM controler.business.comunicaTiny.Comunica verificaConexao
INFORMAÇÕES: Retorno da buscamodel.RetornoSeparacao@4653171c
nov. 13, 2024 11:12:35 AM controler.business.comunicaTiny.Comunica getSeparacao
INFORMAÇÕES: Buscando separacao
nov. 13, 2024 11:12:35 AM controler.business.comunicaTiny.Comunica getSeparacao
INFORMAÇÕES: retorno da busca{"retorno":{"status_processamento":"3","status":"OK","separacoes":[{"id":"917646849","idOrigem":"917644204","objOrigem":"venda","situacao":"3","dataCriacao":"13\/11\/2024","dataSeparacao":"13\/11\/2024","dataCheckout":"13\/11\/2024","destinatario":"Jessica Faria","idContato":"759261950","numero":"4959","dataEmissao":"13\/11\/2024","idFormaEnvio":"831447161","numeroPedidoEcommerce":"2000006624800075","idOrigemVinc":"917647696","objOrigemVinc":"notafiscal","situacaoVenda":"7"},{"id":"917653044","idOrigem":"917650975","objOrigem":"venda","situacao":"3","dataCriacao":"13\/11\/2024","dataSeparacao":"13\/11\/2024","dataCheckout":"13\/11\/2024","destinatario":"Miryan palhari zacarias benez","idContato":"759010131","numero":"4961","dataEmissao":"13\/11\/2024","idFormaEnvio":"832320467","numeroPedidoEcommerce":"702-4660077-8820217","idOrigemVinc":"917655927","objOrigemVinc":"notafiscal","situacaoVenda":"5"}],"numero_paginas":1,"pagina":"1"}}
nov. 13, 2024 11:12:35 AM controler.business.comunicaTiny.Comunica getExpedicao
INFORMAÇÕES: Buscando expedicao
nov. 13, 2024 11:12:35 AM controler.business.comunicaTiny.Comunica getExpedicao
INFORMAÇÕES: retorno da busca{"retorno":{"status_processamento":"3","status":"OK","expedicao":{"id":"520086179","tipoObjeto":"notafiscal","idObjeto":"917647696","idAgrupamento":"498037392","situacao":"1","dataEmissao":"13\/11\/2024","formaEnvio":"M","identificacao":"NF 003452","qtdVolumes":"0","valorDeclarado":"0,00","possuiValorDeclarado":"N","pesoBruto":"0,000","codigoRastreamento":"","urlRastreamento":"","possuiAR":"N","embalagem":{"tipo":"0","altura":"0,00","largura":"0,00","comprimento":"0,00","diametro":"0,00"},"destinatario":{"nome":"Alice Maciel","endereco":"Rua C\u00e2ndido Azeredo","numero":"21","complemento":"301 Referencia: Entregar em hor\u00e1rio comercial 08hs as 17hs segunda a sexta","bairro":"Centro","cep":"35.700-019","cidade":"Sete Lagoas","uf":"MG"},"transportadora":{"id":0,"nome":""},"formaFrete":{"id":0,"descricao":""}}}}
nov. 13, 2024 11:12:35 AM controler.business.comunicaTiny.Comunica getEtiqueta
INFORMAÇÕES: buscando etiqueta
nov. 13, 2024 11:12:37 AM controler.business.comunicaTiny.Comunica getEtiqueta
INFORMAÇÕES: retorno da busca{"retorno":{"status_processamento":"3","status":"OK","links":[{"link":"https:\/\/s3.amazonaws.com\/tiny-tmp-us\/erp\/ODMxNjAxNTQz\/api\/etiquetas\/9eef92761daefb891cf16e593e60f39f.pdf"}]}}
nov. 13, 2024 11:12:37 AM controler.business.comunicaTiny.Comunica getExpedicao
INFORMAÇÕES: Buscando expedicao
nov. 13, 2024 11:12:37 AM controler.business.comunicaTiny.Comunica getExpedicao
INFORMAÇÕES: retorno da busca{"retorno":{"status_processamento":"2","status":"Erro","codigo_erro":32,"erros":{"erro":"Expedi\u00e7\u00e3o n\u00e3o encontrada pelo idObjeto informado"}}}
nov. 13, 2024 11:12:43 AM controler.business.comunicaTiny.Comunica verificaConexao
INFORMAÇÕES: verificando conexao
nov. 13, 2024 11:12:43 AM controler.business.comunicaTiny.Comunica getSeparacao
INFORMAÇÕES: Buscando separacao
nov. 13, 2024 11:12:44 AM controler.business.comunicaTiny.Comunica getSeparacao
INFORMAÇÕES: retorno da busca{"retorno":{"status_processamento":"3","status":"OK","separacoes":[{"id":"917646849","idOrigem":"917644204","objOrigem":"venda","situacao":"3","dataCriacao":"13\/11\/2024","dataSeparacao":"13\/11\/2024","dataCheckout":"13\/11\/2024","destinatario":"Jessica Faria","idContato":"759261950","numero":"4959","dataEmissao":"13\/11\/2024","idFormaEnvio":"831447161","numeroPedidoEcommerce":"2000006624800075","idOrigemVinc":"917647696","objOrigemVinc":"notafiscal","situacaoVenda":"7"},{"id":"917653044","idOrigem":"917650975","objOrigem":"venda","situacao":"3","dataCriacao":"13\/11\/2024","dataSeparacao":"13\/11\/2024","dataCheckout":"13\/11\/2024","destinatario":"Miryan palhari zacarias benez","idContato":"759010131","numero":"4961","dataEmissao":"13\/11\/2024","idFormaEnvio":"832320467","numeroPedidoEcommerce":"702-4660077-8820217","idOrigemVinc":"917655927","objOrigemVinc":"notafiscal","situacaoVenda":"5"}],"numero_paginas":1,"pagina":"1"}}
nov. 13, 2024 11:12:44 AM controler.business.comunicaTiny.Comunica verificaConexao
INFORMAÇÕES: Retorno da buscamodel.RetornoSeparacao@50879b45
nov. 13, 2024 11:12:44 AM controler.business.comunicaTiny.Comunica verificaConexao
INFORMAÇÕES: Retorno da buscamodel.RetornoSeparacao@50879b45
nov. 13, 2024 11:12:44 AM controler.business.comunicaTiny.Comunica getSeparacao
INFORMAÇÕES: Buscando separacao
nov. 13, 2024 11:12:44 AM controler.business.comunicaTiny.Comunica getSeparacao
INFORMAÇÕES: retorno da busca{"retorno":{"status_processamento":"3","status":"OK","separacoes":[{"id":"917646849","idOrigem":"917644204","objOrigem":"venda","situacao":"3","dataCriacao":"13\/11\/2024","dataSeparacao":"13\/11\/2024","dataCheckout":"13\/11\/2024","destinatario":"Jessica Faria","idContato":"759261950","numero":"4959","dataEmissao":"13\/11\/2024","idFormaEnvio":"831447161","numeroPedidoEcommerce":"2000006624800075","idOrigemVinc":"917647696","objOrigemVinc":"notafiscal","situacaoVenda":"7"},{"id":"917653044","idOrigem":"917650975","objOrigem":"venda","situacao":"3","dataCriacao":"13\/11\/2024","dataSeparacao":"13\/11\/2024","dataCheckout":"13\/11\/2024","destinatario":"Miryan palhari zacarias benez","idContato":"759010131","numero":"4961","dataEmissao":"13\/11\/2024","idFormaEnvio":"832320467","numeroPedidoEcommerce":"702-4660077-8820217","idOrigemVinc":"917655927","objOrigemVinc":"notafiscal","situacaoVenda":"5"}],"numero_paginas":1,"pagina":"1"}}
nov. 13, 2024 11:12:44 AM controler.business.comunicaTiny.Comunica getExpedicao
INFORMAÇÕES: Buscando expedicao
nov. 13, 2024 11:12:44 AM controler.business.comunicaTiny.Comunica getExpedicao
INFORMAÇÕES: retorno da busca{"retorno":{"status_processamento":"3","status":"OK","expedicao":{"id":"520086179","tipoObjeto":"notafiscal","idObjeto":"917647696","idAgrupamento":"498037392","situacao":"1","dataEmissao":"13\/11\/2024","formaEnvio":"M","identificacao":"NF 003452","qtdVolumes":"0","valorDeclarado":"0,00","possuiValorDeclarado":"N","pesoBruto":"0,000","codigoRastreamento":"","urlRastreamento":"","possuiAR":"N","embalagem":{"tipo":"0","altura":"0,00","largura":"0,00","comprimento":"0,00","diametro":"0,00"},"destinatario":{"nome":"Alice Maciel","endereco":"Rua C\u00e2ndido Azeredo","numero":"21","complemento":"301 Referencia: Entregar em hor\u00e1rio comercial 08hs as 17hs segunda a sexta","bairro":"Centro","cep":"35.700-019","cidade":"Sete Lagoas","uf":"MG"},"transportadora":{"id":0,"nome":""},"formaFrete":{"id":0,"descricao":""}}}}
nov. 13, 2024 11:12:44 AM controler.business.comunicaTiny.Comunica getEtiqueta
INFORMAÇÕES: buscando etiqueta
nov. 13, 2024 11:12:45 AM controler.business.comunicaTiny.Comunica getEtiqueta
INFORMAÇÕES: retorno da busca{"retorno":{"status_processamento":"3","status":"OK","links":[{"link":"https:\/\/s3.amazonaws.com\/tiny-tmp-us\/erp\/ODMxNjAxNTQz\/api\/etiquetas\/75f28450dfff53b099d055230aedf13b.pdf"}]}}
nov. 13, 2024 11:12:45 AM controler.business.comunicaTiny.Comunica getExpedicao
INFORMAÇÕES: Buscando expedicao
nov. 13, 2024 11:12:46 AM controler.business.comunicaTiny.Comunica getExpedicao
INFORMAÇÕES: retorno da busca{"retorno":{"status_processamento":"2","status":"Erro","codigo_erro":32,"erros":{"erro":"Expedi\u00e7\u00e3o n\u00e3o encontrada pelo idObjeto informado"}}}
nov. 13, 2024 11:12:52 AM controler.business.comunicaTiny.Comunica verificaConexao
INFORMAÇÕES: verificando conexao
nov. 13, 2024 11:12:52 AM controler.business.comunicaTiny.Comunica getSeparacao
INFORMAÇÕES: Buscando separacao
nov. 13, 2024 11:12:52 AM controler.business.comunicaTiny.Comunica getSeparacao
INFORMAÇÕES: retorno da busca{"retorno":{"status_processamento":"3","status":"OK","separacoes":[{"id":"917646849","idOrigem":"917644204","objOrigem":"venda","situacao":"3","dataCriacao":"13\/11\/2024","dataSeparacao":"13\/11\/2024","dataCheckout":"13\/11\/2024","destinatario":"Jessica Faria","idContato":"759261950","numero":"4959","dataEmissao":"13\/11\/2024","idFormaEnvio":"831447161","numeroPedidoEcommerce":"2000006624800075","idOrigemVinc":"917647696","objOrigemVinc":"notafiscal","situacaoVenda":"7"},{"id":"917653044","idOrigem":"917650975","objOrigem":"venda","situacao":"3","dataCriacao":"13\/11\/2024","dataSeparacao":"13\/11\/2024","dataCheckout":"13\/11\/2024","destinatario":"Miryan palhari zacarias benez","idContato":"759010131","numero":"4961","dataEmissao":"13\/11\/2024","idFormaEnvio":"832320467","numeroPedidoEcommerce":"702-4660077-8820217","idOrigemVinc":"917655927","objOrigemVinc":"notafiscal","situacaoVenda":"5"}],"numero_paginas":1,"pagina":"1"}}
nov. 13, 2024 11:12:52 AM controler.business.comunicaTiny.Comunica verificaConexao
INFORMAÇÕES: Retorno da buscamodel.RetornoSeparacao@66ce33bb
nov. 13, 2024 11:12:52 AM controler.business.comunicaTiny.Comunica verificaConexao
INFORMAÇÕES: Retorno da buscamodel.RetornoSeparacao@66ce33bb
nov. 13, 2024 11:12:52 AM controler.business.comunicaTiny.Comunica getSeparacao
INFORMAÇÕES: Buscando separacao
nov. 13, 2024 11:12:53 AM controler.business.comunicaTiny.Comunica getSeparacao
INFORMAÇÕES: retorno da busca{"retorno":{"status_processamento":"3","status":"OK","separacoes":[{"id":"917646849","idOrigem":"917644204","objOrigem":"venda","situacao":"3","dataCriacao":"13\/11\/2024","dataSeparacao":"13\/11\/2024","dataCheckout":"13\/11\/2024","destinatario":"Jessica Faria","idContato":"759261950","numero":"4959","dataEmissao":"13\/11\/2024","idFormaEnvio":"831447161","numeroPedidoEcommerce":"2000006624800075","idOrigemVinc":"917647696","objOrigemVinc":"notafiscal","situacaoVenda":"7"},{"id":"917653044","idOrigem":"917650975","objOrigem":"venda","situacao":"3","dataCriacao":"13\/11\/2024","dataSeparacao":"13\/11\/2024","dataCheckout":"13\/11\/2024","destinatario":"Miryan palhari zacarias benez","idContato":"759010131","numero":"4961","dataEmissao":"13\/11\/2024","idFormaEnvio":"832320467","numeroPedidoEcommerce":"702-4660077-8820217","idOrigemVinc":"917655927","objOrigemVinc":"notafiscal","situacaoVenda":"5"}],"numero_paginas":1,"pagina":"1"}}
nov. 13, 2024 11:12:53 AM controler.business.comunicaTiny.Comunica getExpedicao
INFORMAÇÕES: Buscando expedicao
nov. 13, 2024 11:12:53 AM controler.business.comunicaTiny.Comunica getExpedicao
INFORMAÇÕES: retorno da busca{"retorno":{"status_processamento":"3","status":"OK","expedicao":{"id":"520086179","tipoObjeto":"notafiscal","idObjeto":"917647696","idAgrupamento":"498037392","situacao":"1","dataEmissao":"13\/11\/2024","formaEnvio":"M","identificacao":"NF 003452","qtdVolumes":"0","valorDeclarado":"0,00","possuiValorDeclarado":"N","pesoBruto":"0,000","codigoRastreamento":"","urlRastreamento":"","possuiAR":"N","embalagem":{"tipo":"0","altura":"0,00","largura":"0,00","comprimento":"0,00","diametro":"0,00"},"destinatario":{"nome":"Alice Maciel","endereco":"Rua C\u00e2ndido Azeredo","numero":"21","complemento":"301 Referencia: Entregar em hor\u00e1rio comercial 08hs as 17hs segunda a sexta","bairro":"Centro","cep":"35.700-019","cidade":"Sete Lagoas","uf":"MG"},"transportadora":{"id":0,"nome":""},"formaFrete":{"id":0,"descricao":""}}}}
nov. 13, 2024 11:12:53 AM controler.business.comunicaTiny.Comunica getEtiqueta
INFORMAÇÕES: buscando etiqueta
nov. 13, 2024 11:12:54 AM controler.business.comunicaTiny.Comunica getEtiqueta
INFORMAÇÕES: retorno da busca{"retorno":{"status_processamento":"3","status":"OK","links":[{"link":"https:\/\/s3.amazonaws.com\/tiny-tmp-us\/erp\/ODMxNjAxNTQz\/api\/etiquetas\/ac75f67eaaf6fc9a08b238c4cee5efb9.pdf"}]}}
nov. 13, 2024 11:12:54 AM controler.business.comunicaTiny.Comunica getExpedicao
INFORMAÇÕES: Buscando expedicao
nov. 13, 2024 11:12:54 AM controler.business.comunicaTiny.Comunica getExpedicao
INFORMAÇÕES: retorno da busca{"retorno":{"status_processamento":"2","status":"Erro","codigo_erro":32,"erros":{"erro":"Expedi\u00e7\u00e3o n\u00e3o encontrada pelo idObjeto informado"}}}
nov. 13, 2024 11:13:00 AM controler.business.comunicaTiny.Comunica verificaConexao
INFORMAÇÕES: verificando conexao
nov. 13, 2024 11:13:00 AM controler.business.comunicaTiny.Comunica getSeparacao
INFORMAÇÕES: Buscando separacao
nov. 13, 2024 11:13:01 AM controler.business.comunicaTiny.Comunica getSeparacao
INFORMAÇÕES: retorno da busca{"retorno":{"status_processamento":"3","status":"OK","separacoes":[{"id":"917646849","idOrigem":"917644204","objOrigem":"venda","situacao":"3","dataCriacao":"13\/11\/2024","dataSeparacao":"13\/11\/2024","dataCheckout":"13\/11\/2024","destinatario":"Jessica Faria","idContato":"759261950","numero":"4959","dataEmissao":"13\/11\/2024","idFormaEnvio":"831447161","numeroPedidoEcommerce":"2000006624800075","idOrigemVinc":"917647696","objOrigemVinc":"notafiscal","situacaoVenda":"7"},{"id":"917653044","idOrigem":"917650975","objOrigem":"venda","situacao":"3","dataCriacao":"13\/11\/2024","dataSeparacao":"13\/11\/2024","dataCheckout":"13\/11\/2024","destinatario":"Miryan palhari zacarias benez","idContato":"759010131","numero":"4961","dataEmissao":"13\/11\/2024","idFormaEnvio":"832320467","numeroPedidoEcommerce":"702-4660077-8820217","idOrigemVinc":"917655927","objOrigemVinc":"notafiscal","situacaoVenda":"5"}],"numero_paginas":1,"pagina":"1"}}
nov. 13, 2024 11:13:01 AM controler.business.comunicaTiny.Comunica verificaConexao
INFORMAÇÕES: Retorno da buscamodel.RetornoSeparacao@70756283
nov. 13, 2024 11:13:01 AM controler.business.comunicaTiny.Comunica verificaConexao
INFORMAÇÕES: Retorno da buscamodel.RetornoSeparacao@70756283
nov. 13, 2024 11:13:01 AM controler.business.comunicaTiny.Comunica getSeparacao
INFORMAÇÕES: Buscando separacao
nov. 13, 2024 11:13:01 AM controler.business.comunicaTiny.Comunica getSeparacao
INFORMAÇÕES: retorno da busca{"retorno":{"status_processamento":"3","status":"OK","separacoes":[{"id":"917646849","idOrigem":"917644204","objOrigem":"venda","situacao":"3","dataCriacao":"13\/11\/2024","dataSeparacao":"13\/11\/2024","dataCheckout":"13\/11\/2024","destinatario":"Jessica Faria","idContato":"759261950","numero":"4959","dataEmissao":"13\/11\/2024","idFormaEnvio":"831447161","numeroPedidoEcommerce":"2000006624800075","idOrigemVinc":"917647696","objOrigemVinc":"notafiscal","situacaoVenda":"7"},{"id":"917653044","idOrigem":"917650975","objOrigem":"venda","situacao":"3","dataCriacao":"13\/11\/2024","dataSeparacao":"13\/11\/2024","dataCheckout":"13\/11\/2024","destinatario":"Miryan palhari zacarias benez","idContato":"759010131","numero":"4961","dataEmissao":"13\/11\/2024","idFormaEnvio":"832320467","numeroPedidoEcommerce":"702-4660077-8820217","idOrigemVinc":"917655927","objOrigemVinc":"notafiscal","situacaoVenda":"5"}],"numero_paginas":1,"pagina":"1"}}
nov. 13, 2024 11:13:01 AM controler.business.comunicaTiny.Comunica getExpedicao
INFORMAÇÕES: Buscando expedicao
nov. 13, 2024 11:13:01 AM controler.business.comunicaTiny.Comunica getExpedicao
INFORMAÇÕES: retorno da busca{"retorno":{"status_processamento":"3","status":"OK","expedicao":{"id":"520086179","tipoObjeto":"notafiscal","idObjeto":"917647696","idAgrupamento":"498037392","situacao":"1","dataEmissao":"13\/11\/2024","formaEnvio":"M","identificacao":"NF 003452","qtdVolumes":"0","valorDeclarado":"0,00","possuiValorDeclarado":"N","pesoBruto":"0,000","codigoRastreamento":"","urlRastreamento":"","possuiAR":"N","embalagem":{"tipo":"0","altura":"0,00","largura":"0,00","comprimento":"0,00","diametro":"0,00"},"destinatario":{"nome":"Alice Maciel","endereco":"Rua C\u00e2ndido Azeredo","numero":"21","complemento":"301 Referencia: Entregar em hor\u00e1rio comercial 08hs as 17hs segunda a sexta","bairro":"Centro","cep":"35.700-019","cidade":"Sete Lagoas","uf":"MG"},"transportadora":{"id":0,"nome":""},"formaFrete":{"id":0,"descricao":""}}}}
nov. 13, 2024 11:13:01 AM controler.business.comunicaTiny.Comunica getEtiqueta
INFORMAÇÕES: buscando etiqueta
nov. 13, 2024 11:13:03 AM controler.business.comunicaTiny.Comunica getEtiqueta
INFORMAÇÕES: retorno da busca{"retorno":{"status_processamento":"3","status":"OK","links":[{"link":"https:\/\/s3.amazonaws.com\/tiny-tmp-us\/erp\/ODMxNjAxNTQz\/api\/etiquetas\/29c7cb35f8abc71869ec72f99a9630af.pdf"}]}}
nov. 13, 2024 11:13:03 AM controler.business.comunicaTiny.Comunica getExpedicao
INFORMAÇÕES: Buscando expedicao
nov. 13, 2024 11:13:03 AM controler.business.comunicaTiny.Comunica getExpedicao
INFORMAÇÕES: retorno da busca{"retorno":{"status_processamento":"2","status":"Erro","codigo_erro":32,"erros":{"erro":"Expedi\u00e7\u00e3o n\u00e3o encontrada pelo idObjeto informado"}}}
nov. 13, 2024 11:13:09 AM controler.business.comunicaTiny.Comunica verificaConexao
INFORMAÇÕES: verificando conexao
nov. 13, 2024 11:13:09 AM controler.business.comunicaTiny.Comunica getSeparacao
INFORMAÇÕES: Buscando separacao
nov. 13, 2024 11:13:10 AM controler.business.comunicaTiny.Comunica getSeparacao
INFORMAÇÕES: retorno da busca{"retorno":{"status_processamento":"3","status":"OK","separacoes":[{"id":"917646849","idOrigem":"917644204","objOrigem":"venda","situacao":"3","dataCriacao":"13\/11\/2024","dataSeparacao":"13\/11\/2024","dataCheckout":"13\/11\/2024","destinatario":"Jessica Faria","idContato":"759261950","numero":"4959","dataEmissao":"13\/11\/2024","idFormaEnvio":"831447161","numeroPedidoEcommerce":"2000006624800075","idOrigemVinc":"917647696","objOrigemVinc":"notafiscal","situacaoVenda":"7"},{"id":"917653044","idOrigem":"917650975","objOrigem":"venda","situacao":"3","dataCriacao":"13\/11\/2024","dataSeparacao":"13\/11\/2024","dataCheckout":"13\/11\/2024","destinatario":"Miryan palhari zacarias benez","idContato":"759010131","numero":"4961","dataEmissao":"13\/11\/2024","idFormaEnvio":"832320467","numeroPedidoEcommerce":"702-4660077-8820217","idOrigemVinc":"917655927","objOrigemVinc":"notafiscal","situacaoVenda":"5"}],"numero_paginas":1,"pagina":"1"}}
nov. 13, 2024 11:13:10 AM controler.business.comunicaTiny.Comunica verificaConexao
INFORMAÇÕES: Retorno da buscamodel.RetornoSeparacao@71198923
nov. 13, 2024 11:13:10 AM controler.business.comunicaTiny.Comunica verificaConexao
INFORMAÇÕES: Retorno da buscamodel.RetornoSeparacao@71198923
nov. 13, 2024 11:13:10 AM controler.business.comunicaTiny.Comunica getSeparacao
INFORMAÇÕES: Buscando separacao
nov. 13, 2024 11:13:11 AM controler.business.comunicaTiny.Comunica getSeparacao
INFORMAÇÕES: retorno da busca{"retorno":{"status_processamento":"3","status":"OK","separacoes":[{"id":"917646849","idOrigem":"917644204","objOrigem":"venda","situacao":"3","dataCriacao":"13\/11\/2024","dataSeparacao":"13\/11\/2024","dataCheckout":"13\/11\/2024","destinatario":"Jessica Faria","idContato":"759261950","numero":"4959","dataEmissao":"13\/11\/2024","idFormaEnvio":"831447161","numeroPedidoEcommerce":"2000006624800075","idOrigemVinc":"917647696","objOrigemVinc":"notafiscal","situacaoVenda":"7"},{"id":"917653044","idOrigem":"917650975","objOrigem":"venda","situacao":"3","dataCriacao":"13\/11\/2024","dataSeparacao":"13\/11\/2024","dataCheckout":"13\/11\/2024","destinatario":"Miryan palhari zacarias benez","idContato":"759010131","numero":"4961","dataEmissao":"13\/11\/2024","idFormaEnvio":"832320467","numeroPedidoEcommerce":"702-4660077-8820217","idOrigemVinc":"917655927","objOrigemVinc":"notafiscal","situacaoVenda":"5"}],"numero_paginas":1,"pagina":"1"}}
nov. 13, 2024 11:13:11 AM controler.business.comunicaTiny.Comunica getExpedicao
INFORMAÇÕES: Buscando expedicao
nov. 13, 2024 11:13:11 AM controler.business.comunicaTiny.Comunica getExpedicao
INFORMAÇÕES: retorno da busca{"retorno":{"status_processamento":"3","status":"OK","expedicao":{"id":"520086179","tipoObjeto":"notafiscal","idObjeto":"917647696","idAgrupamento":"498037392","situacao":"1","dataEmissao":"13\/11\/2024","formaEnvio":"M","identificacao":"NF 003452","qtdVolumes":"0","valorDeclarado":"0,00","possuiValorDeclarado":"N","pesoBruto":"0,000","codigoRastreamento":"","urlRastreamento":"","possuiAR":"N","embalagem":{"tipo":"0","altura":"0,00","largura":"0,00","comprimento":"0,00","diametro":"0,00"},"destinatario":{"nome":"Alice Maciel","endereco":"Rua C\u00e2ndido Azeredo","numero":"21","complemento":"301 Referencia: Entregar em hor\u00e1rio comercial 08hs as 17hs segunda a sexta","bairro":"Centro","cep":"35.700-019","cidade":"Sete Lagoas","uf":"MG"},"transportadora":{"id":0,"nome":""},"formaFrete":{"id":0,"descricao":""}}}}
nov. 13, 2024 11:13:11 AM controler.business.comunicaTiny.Comunica getEtiqueta
INFORMAÇÕES: buscando etiqueta
nov. 13, 2024 11:13:12 AM controler.business.comunicaTiny.Comunica getEtiqueta
INFORMAÇÕES: retorno da busca{"retorno":{"status_processamento":"3","status":"OK","links":[{"link":"https:\/\/s3.amazonaws.com\/tiny-tmp-us\/erp\/ODMxNjAxNTQz\/api\/etiquetas\/0a9801eba36f93d15043a3b3496bf891.pdf"}]}}
nov. 13, 2024 11:13:12 AM controler.business.comunicaTiny.Comunica getExpedicao
INFORMAÇÕES: Buscando expedicao
nov. 13, 2024 11:13:12 AM controler.business.comunicaTiny.Comunica getExpedicao
INFORMAÇÕES: retorno da busca{"retorno":{"status_processamento":"2","status":"Erro","codigo_erro":32,"erros":{"erro":"Expedi\u00e7\u00e3o n\u00e3o encontrada pelo idObjeto informado"}}}
nov. 13, 2024 11:13:18 AM controler.business.comunicaTiny.Comunica verificaConexao
INFORMAÇÕES: verificando conexao
nov. 13, 2024 11:13:18 AM controler.business.comunicaTiny.Comunica getSeparacao
INFORMAÇÕES: Buscando separacao
nov. 13, 2024 11:13:19 AM controler.business.comunicaTiny.Comunica getSeparacao
INFORMAÇÕES: retorno da busca{"retorno":{"status_processamento":"3","status":"OK","separacoes":[{"id":"917646849","idOrigem":"917644204","objOrigem":"venda","situacao":"3","dataCriacao":"13\/11\/2024","dataSeparacao":"13\/11\/2024","dataCheckout":"13\/11\/2024","destinatario":"Jessica Faria","idContato":"759261950","numero":"4959","dataEmissao":"13\/11\/2024","idFormaEnvio":"831447161","numeroPedidoEcommerce":"2000006624800075","idOrigemVinc":"917647696","objOrigemVinc":"notafiscal","situacaoVenda":"7"},{"id":"917653044","idOrigem":"917650975","objOrigem":"venda","situacao":"3","dataCriacao":"13\/11\/2024","dataSeparacao":"13\/11\/2024","dataCheckout":"13\/11\/2024","destinatario":"Miryan palhari zacarias benez","idContato":"759010131","numero":"4961","dataEmissao":"13\/11\/2024","idFormaEnvio":"832320467","numeroPedidoEcommerce":"702-4660077-8820217","idOrigemVinc":"917655927","objOrigemVinc":"notafiscal","situacaoVenda":"5"}],"numero_paginas":1,"pagina":"1"}}
nov. 13, 2024 11:13:19 AM controler.business.comunicaTiny.Comunica verificaConexao
INFORMAÇÕES: Retorno da buscamodel.RetornoSeparacao@5d6e62ca
nov. 13, 2024 11:13:19 AM controler.business.comunicaTiny.Comunica verificaConexao
INFORMAÇÕES: Retorno da buscamodel.RetornoSeparacao@5d6e62ca
nov. 13, 2024 11:13:19 AM controler.business.comunicaTiny.Comunica getSeparacao
INFORMAÇÕES: Buscando separacao
nov. 13, 2024 11:13:19 AM controler.business.comunicaTiny.Comunica getSeparacao
INFORMAÇÕES: retorno da busca{"retorno":{"status_processamento":"3","status":"OK","separacoes":[{"id":"917646849","idOrigem":"917644204","objOrigem":"venda","situacao":"3","dataCriacao":"13\/11\/2024","dataSeparacao":"13\/11\/2024","dataCheckout":"13\/11\/2024","destinatario":"Jessica Faria","idContato":"759261950","numero":"4959","dataEmissao":"13\/11\/2024","idFormaEnvio":"831447161","numeroPedidoEcommerce":"2000006624800075","idOrigemVinc":"917647696","objOrigemVinc":"notafiscal","situacaoVenda":"7"},{"id":"917653044","idOrigem":"917650975","objOrigem":"venda","situacao":"3","dataCriacao":"13\/11\/2024","dataSeparacao":"13\/11\/2024","dataCheckout":"13\/11\/2024","destinatario":"Miryan palhari zacarias benez","idContato":"759010131","numero":"4961","dataEmissao":"13\/11\/2024","idFormaEnvio":"832320467","numeroPedidoEcommerce":"702-4660077-8820217","idOrigemVinc":"917655927","objOrigemVinc":"notafiscal","situacaoVenda":"5"}],"numero_paginas":1,"pagina":"1"}}
nov. 13, 2024 11:13:19 AM controler.business.comunicaTiny.Comunica getExpedicao
INFORMAÇÕES: Buscando expedicao
nov. 13, 2024 11:13:20 AM controler.business.comunicaTiny.Comunica getExpedicao
INFORMAÇÕES: retorno da busca{"retorno":{"status_processamento":"3","status":"OK","expedicao":{"id":"520086179","tipoObjeto":"notafiscal","idObjeto":"917647696","idAgrupamento":"498037392","situacao":"1","dataEmissao":"13\/11\/2024","formaEnvio":"M","identificacao":"NF 003452","qtdVolumes":"0","valorDeclarado":"0,00","possuiValorDeclarado":"N","pesoBruto":"0,000","codigoRastreamento":"","urlRastreamento":"","possuiAR":"N","embalagem":{"tipo":"0","altura":"0,00","largura":"0,00","comprimento":"0,00","diametro":"0,00"},"destinatario":{"nome":"Alice Maciel","endereco":"Rua C\u00e2ndido Azeredo","numero":"21","complemento":"301 Referencia: Entregar em hor\u00e1rio comercial 08hs as 17hs segunda a sexta","bairro":"Centro","cep":"35.700-019","cidade":"Sete Lagoas","uf":"MG"},"transportadora":{"id":0,"nome":""},"formaFrete":{"id":0,"descricao":""}}}}
nov. 13, 2024 11:13:20 AM controler.business.comunicaTiny.Comunica getEtiqueta
INFORMAÇÕES: buscando etiqueta
nov. 13, 2024 11:13:20 AM controler.business.comunicaTiny.Comunica getEtiqueta
INFORMAÇÕES: retorno da busca{"retorno":{"status_processamento":"3","status":"OK","links":[{"link":"https:\/\/s3.amazonaws.com\/tiny-tmp-us\/erp\/ODMxNjAxNTQz\/api\/etiquetas\/421db98f85245c219b5eae915978199b.pdf"}]}}
nov. 13, 2024 11:13:20 AM controler.business.comunicaTiny.Comunica getExpedicao
INFORMAÇÕES: Buscando expedicao
nov. 13, 2024 11:13:21 AM controler.business.comunicaTiny.Comunica getExpedicao
INFORMAÇÕES: retorno da busca{"retorno":{"status_processamento":"2","status":"Erro","codigo_erro":32,"erros":{"erro":"Expedi\u00e7\u00e3o n\u00e3o encontrada pelo idObjeto informado"}}}
nov. 13, 2024 11:13:27 AM controler.business.comunicaTiny.Comunica verificaConexao
INFORMAÇÕES: verificando conexao
nov. 13, 2024 11:13:27 AM controler.business.comunicaTiny.Comunica getSeparacao
INFORMAÇÕES: Buscando separacao
nov. 13, 2024 11:13:27 AM controler.business.comunicaTiny.Comunica getSeparacao
INFORMAÇÕES: retorno da busca{"retorno":{"status_processamento":"3","status":"OK","separacoes":[{"id":"917646849","idOrigem":"917644204","objOrigem":"venda","situacao":"3","dataCriacao":"13\/11\/2024","dataSeparacao":"13\/11\/2024","dataCheckout":"13\/11\/2024","destinatario":"Jessica Faria","idContato":"759261950","numero":"4959","dataEmissao":"13\/11\/2024","idFormaEnvio":"831447161","numeroPedidoEcommerce":"2000006624800075","idOrigemVinc":"917647696","objOrigemVinc":"notafiscal","situacaoVenda":"7"},{"id":"917653044","idOrigem":"917650975","objOrigem":"venda","situacao":"3","dataCriacao":"13\/11\/2024","dataSeparacao":"13\/11\/2024","dataCheckout":"13\/11\/2024","destinatario":"Miryan palhari zacarias benez","idContato":"759010131","numero":"4961","dataEmissao":"13\/11\/2024","idFormaEnvio":"832320467","numeroPedidoEcommerce":"702-4660077-8820217","idOrigemVinc":"917655927","objOrigemVinc":"notafiscal","situacaoVenda":"5"}],"numero_paginas":1,"pagina":"1"}}
nov. 13, 2024 11:13:27 AM controler.business.comunicaTiny.Comunica verificaConexao
INFORMAÇÕES: Retorno da buscamodel.RetornoSeparacao@4140344b
nov. 13, 2024 11:13:27 AM controler.business.comunicaTiny.Comunica verificaConexao
INFORMAÇÕES: Retorno da buscamodel.RetornoSeparacao@4140344b
nov. 13, 2024 11:13:27 AM controler.business.comunicaTiny.Comunica getSeparacao
INFORMAÇÕES: Buscando separacao
nov. 13, 2024 11:13:28 AM controler.business.comunicaTiny.Comunica getSeparacao
INFORMAÇÕES: retorno da busca{"retorno":{"status_processamento":"3","status":"OK","separacoes":[{"id":"917646849","idOrigem":"917644204","objOrigem":"venda","situacao":"3","dataCriacao":"13\/11\/2024","dataSeparacao":"13\/11\/2024","dataCheckout":"13\/11\/2024","destinatario":"Jessica Faria","idContato":"759261950","numero":"4959","dataEmissao":"13\/11\/2024","idFormaEnvio":"831447161","numeroPedidoEcommerce":"2000006624800075","idOrigemVinc":"917647696","objOrigemVinc":"notafiscal","situacaoVenda":"7"},{"id":"917653044","idOrigem":"917650975","objOrigem":"venda","situacao":"3","dataCriacao":"13\/11\/2024","dataSeparacao":"13\/11\/2024","dataCheckout":"13\/11\/2024","destinatario":"Miryan palhari zacarias benez","idContato":"759010131","numero":"4961","dataEmissao":"13\/11\/2024","idFormaEnvio":"832320467","numeroPedidoEcommerce":"702-4660077-8820217","idOrigemVinc":"917655927","objOrigemVinc":"notafiscal","situacaoVenda":"5"}],"numero_paginas":1,"pagina":"1"}}
nov. 13, 2024 11:13:28 AM controler.business.comunicaTiny.Comunica getExpedicao
INFORMAÇÕES: Buscando expedicao
nov. 13, 2024 11:13:28 AM controler.business.comunicaTiny.Comunica getExpedicao
INFORMAÇÕES: retorno da busca{"retorno":{"status_processamento":"3","status":"OK","expedicao":{"id":"520086179","tipoObjeto":"notafiscal","idObjeto":"917647696","idAgrupamento":"498037392","situacao":"1","dataEmissao":"13\/11\/2024","formaEnvio":"M","identificacao":"NF 003452","qtdVolumes":"0","valorDeclarado":"0,00","possuiValorDeclarado":"N","pesoBruto":"0,000","codigoRastreamento":"","urlRastreamento":"","possuiAR":"N","embalagem":{"tipo":"0","altura":"0,00","largura":"0,00","comprimento":"0,00","diametro":"0,00"},"destinatario":{"nome":"Alice Maciel","endereco":"Rua C\u00e2ndido Azeredo","numero":"21","complemento":"301 Referencia: Entregar em hor\u00e1rio comercial 08hs as 17hs segunda a sexta","bairro":"Centro","cep":"35.700-019","cidade":"Sete Lagoas","uf":"MG"},"transportadora":{"id":0,"nome":""},"formaFrete":{"id":0,"descricao":""}}}}
nov. 13, 2024 11:13:28 AM controler.business.comunicaTiny.Comunica getEtiqueta
INFORMAÇÕES: buscando etiqueta
nov. 13, 2024 11:13:30 AM controler.business.comunicaTiny.Comunica getEtiqueta
INFORMAÇÕES: retorno da busca{"retorno":{"status_processamento":"3","status":"OK","links":[{"link":"https:\/\/s3.amazonaws.com\/tiny-tmp-us\/erp\/ODMxNjAxNTQz\/api\/etiquetas\/c5172071e21b88018a48b6780cd7551b.pdf"}]}}
nov. 13, 2024 11:13:30 AM controler.business.comunicaTiny.Comunica getExpedicao
INFORMAÇÕES: Buscando expedicao
nov. 13, 2024 11:13:31 AM controler.business.comunicaTiny.Comunica getExpedicao
INFORMAÇÕES: retorno da busca{"retorno":{"status_processamento":"2","status":"Erro","codigo_erro":32,"erros":{"erro":"Expedi\u00e7\u00e3o n\u00e3o encontrada pelo idObjeto informado"}}}
nov. 13, 2024 11:13:37 AM controler.business.comunicaTiny.Comunica verificaConexao
INFORMAÇÕES: verificando conexao
nov. 13, 2024 11:13:37 AM controler.business.comunicaTiny.Comunica getSeparacao
INFORMAÇÕES: Buscando separacao
nov. 13, 2024 11:13:37 AM controler.business.comunicaTiny.Comunica getSeparacao
INFORMAÇÕES: retorno da busca{"retorno":{"status_processamento":"3","status":"OK","separacoes":[{"id":"917646849","idOrigem":"917644204","objOrigem":"venda","situacao":"3","dataCriacao":"13\/11\/2024","dataSeparacao":"13\/11\/2024","dataCheckout":"13\/11\/2024","destinatario":"Jessica Faria","idContato":"759261950","numero":"4959","dataEmissao":"13\/11\/2024","idFormaEnvio":"831447161","numeroPedidoEcommerce":"2000006624800075","idOrigemVinc":"917647696","objOrigemVinc":"notafiscal","situacaoVenda":"7"},{"id":"917653044","idOrigem":"917650975","objOrigem":"venda","situacao":"3","dataCriacao":"13\/11\/2024","dataSeparacao":"13\/11\/2024","dataCheckout":"13\/11\/2024","destinatario":"Miryan palhari zacarias benez","idContato":"759010131","numero":"4961","dataEmissao":"13\/11\/2024","idFormaEnvio":"832320467","numeroPedidoEcommerce":"702-4660077-8820217","idOrigemVinc":"917655927","objOrigemVinc":"notafiscal","situacaoVenda":"5"}],"numero_paginas":1,"pagina":"1"}}
nov. 13, 2024 11:13:37 AM controler.business.comunicaTiny.Comunica verificaConexao
INFORMAÇÕES: Retorno da buscamodel.RetornoSeparacao@691ea6d4
nov. 13, 2024 11:13:37 AM controler.business.comunicaTiny.Comunica verificaConexao
INFORMAÇÕES: Retorno da buscamodel.RetornoSeparacao@691ea6d4
nov. 13, 2024 11:13:37 AM controler.business.comunicaTiny.Comunica getSeparacao
INFORMAÇÕES: Buscando separacao
nov. 13, 2024 11:13:38 AM controler.business.comunicaTiny.Comunica getSeparacao
INFORMAÇÕES: retorno da busca{"retorno":{"status_processamento":"3","status":"OK","separacoes":[{"id":"917646849","idOrigem":"917644204","objOrigem":"venda","situacao":"3","dataCriacao":"13\/11\/2024","dataSeparacao":"13\/11\/2024","dataCheckout":"13\/11\/2024","destinatario":"Jessica Faria","idContato":"759261950","numero":"4959","dataEmissao":"13\/11\/2024","idFormaEnvio":"831447161","numeroPedidoEcommerce":"2000006624800075","idOrigemVinc":"917647696","objOrigemVinc":"notafiscal","situacaoVenda":"7"},{"id":"917653044","idOrigem":"917650975","objOrigem":"venda","situacao":"3","dataCriacao":"13\/11\/2024","dataSeparacao":"13\/11\/2024","dataCheckout":"13\/11\/2024","destinatario":"Miryan palhari zacarias benez","idContato":"759010131","numero":"4961","dataEmissao":"13\/11\/2024","idFormaEnvio":"832320467","numeroPedidoEcommerce":"702-4660077-8820217","idOrigemVinc":"917655927","objOrigemVinc":"notafiscal","situacaoVenda":"5"}],"numero_paginas":1,"pagina":"1"}}
nov. 13, 2024 11:13:38 AM controler.business.comunicaTiny.Comunica getExpedicao
INFORMAÇÕES: Buscando expedicao
nov. 13, 2024 11:13:38 AM controler.business.comunicaTiny.Comunica getExpedicao
INFORMAÇÕES: retorno da busca{"retorno":{"status_processamento":"3","status":"OK","expedicao":{"id":"520086179","tipoObjeto":"notafiscal","idObjeto":"917647696","idAgrupamento":"498037392","situacao":"1","dataEmissao":"13\/11\/2024","formaEnvio":"M","identificacao":"NF 003452","qtdVolumes":"0","valorDeclarado":"0,00","possuiValorDeclarado":"N","pesoBruto":"0,000","codigoRastreamento":"","urlRastreamento":"","possuiAR":"N","embalagem":{"tipo":"0","altura":"0,00","largura":"0,00","comprimento":"0,00","diametro":"0,00"},"destinatario":{"nome":"Alice Maciel","endereco":"Rua C\u00e2ndido Azeredo","numero":"21","complemento":"301 Referencia: Entregar em hor\u00e1rio comercial 08hs as 17hs segunda a sexta","bairro":"Centro","cep":"35.700-019","cidade":"Sete Lagoas","uf":"MG"},"transportadora":{"id":0,"nome":""},"formaFrete":{"id":0,"descricao":""}}}}
nov. 13, 2024 11:13:38 AM controler.business.comunicaTiny.Comunica getEtiqueta
INFORMAÇÕES: buscando etiqueta
nov. 13, 2024 11:13:39 AM controler.business.comunicaTiny.Comunica getEtiqueta
INFORMAÇÕES: retorno da busca{"retorno":{"status_processamento":"3","status":"OK","links":[{"link":"https:\/\/s3.amazonaws.com\/tiny-tmp-us\/erp\/ODMxNjAxNTQz\/api\/etiquetas\/c0cc7872f451349bfe0f9a9e70c1e596.pdf"}]}}
nov. 13, 2024 11:13:39 AM controler.business.comunicaTiny.Comunica getExpedicao
INFORMAÇÕES: Buscando expedicao
nov. 13, 2024 11:13:39 AM controler.business.comunicaTiny.Comunica getExpedicao
INFORMAÇÕES: retorno da busca{"retorno":{"status_processamento":"2","status":"Erro","codigo_erro":32,"erros":{"erro":"Expedi\u00e7\u00e3o n\u00e3o encontrada pelo idObjeto informado"}}}
nov. 13, 2024 11:13:45 AM controler.business.comunicaTiny.Comunica verificaConexao
INFORMAÇÕES: verificando conexao
nov. 13, 2024 11:13:45 AM controler.business.comunicaTiny.Comunica getSeparacao
INFORMAÇÕES: Buscando separacao
nov. 13, 2024 11:13:46 AM controler.business.comunicaTiny.Comunica getSeparacao
INFORMAÇÕES: retorno da busca{"retorno":{"status_processamento":"3","status":"OK","separacoes":[{"id":"917646849","idOrigem":"917644204","objOrigem":"venda","situacao":"3","dataCriacao":"13\/11\/2024","dataSeparacao":"13\/11\/2024","dataCheckout":"13\/11\/2024","destinatario":"Jessica Faria","idContato":"759261950","numero":"4959","dataEmissao":"13\/11\/2024","idFormaEnvio":"831447161","numeroPedidoEcommerce":"2000006624800075","idOrigemVinc":"917647696","objOrigemVinc":"notafiscal","situacaoVenda":"7"},{"id":"917653044","idOrigem":"917650975","objOrigem":"venda","situacao":"3","dataCriacao":"13\/11\/2024","dataSeparacao":"13\/11\/2024","dataCheckout":"13\/11\/2024","destinatario":"Miryan palhari zacarias benez","idContato":"759010131","numero":"4961","dataEmissao":"13\/11\/2024","idFormaEnvio":"832320467","numeroPedidoEcommerce":"702-4660077-8820217","idOrigemVinc":"917655927","objOrigemVinc":"notafiscal","situacaoVenda":"5"}],"numero_paginas":1,"pagina":"1"}}
nov. 13, 2024 11:13:46 AM controler.business.comunicaTiny.Comunica verificaConexao
INFORMAÇÕES: Retorno da buscamodel.RetornoSeparacao@2e31f4bc
nov. 13, 2024 11:13:46 AM controler.business.comunicaTiny.Comunica verificaConexao
INFORMAÇÕES: Retorno da buscamodel.RetornoSeparacao@2e31f4bc
nov. 13, 2024 11:13:46 AM controler.business.comunicaTiny.Comunica getSeparacao
INFORMAÇÕES: Buscando separacao
nov. 13, 2024 11:13:46 AM controler.business.comunicaTiny.Comunica getSeparacao
INFORMAÇÕES: retorno da busca{"retorno":{"status_processamento":"3","status":"OK","separacoes":[{"id":"917646849","idOrigem":"917644204","objOrigem":"venda","situacao":"3","dataCriacao":"13\/11\/2024","dataSeparacao":"13\/11\/2024","dataCheckout":"13\/11\/2024","destinatario":"Jessica Faria","idContato":"759261950","numero":"4959","dataEmissao":"13\/11\/2024","idFormaEnvio":"831447161","numeroPedidoEcommerce":"2000006624800075","idOrigemVinc":"917647696","objOrigemVinc":"notafiscal","situacaoVenda":"7"},{"id":"917653044","idOrigem":"917650975","objOrigem":"venda","situacao":"3","dataCriacao":"13\/11\/2024","dataSeparacao":"13\/11\/2024","dataCheckout":"13\/11\/2024","destinatario":"Miryan palhari zacarias benez","idContato":"759010131","numero":"4961","dataEmissao":"13\/11\/2024","idFormaEnvio":"832320467","numeroPedidoEcommerce":"702-4660077-8820217","idOrigemVinc":"917655927","objOrigemVinc":"notafiscal","situacaoVenda":"5"}],"numero_paginas":1,"pagina":"1"}}
nov. 13, 2024 11:13:46 AM controler.business.comunicaTiny.Comunica getExpedicao
INFORMAÇÕES: Buscando expedicao
nov. 13, 2024 11:13:46 AM controler.business.comunicaTiny.Comunica getExpedicao
INFORMAÇÕES: retorno da busca{"retorno":{"status_processamento":"3","status":"OK","expedicao":{"id":"520086179","tipoObjeto":"notafiscal","idObjeto":"917647696","idAgrupamento":"498037392","situacao":"1","dataEmissao":"13\/11\/2024","formaEnvio":"M","identificacao":"NF 003452","qtdVolumes":"0","valorDeclarado":"0,00","possuiValorDeclarado":"N","pesoBruto":"0,000","codigoRastreamento":"","urlRastreamento":"","possuiAR":"N","embalagem":{"tipo":"0","altura":"0,00","largura":"0,00","comprimento":"0,00","diametro":"0,00"},"destinatario":{"nome":"Alice Maciel","endereco":"Rua C\u00e2ndido Azeredo","numero":"21","complemento":"301 Referencia: Entregar em hor\u00e1rio comercial 08hs as 17hs segunda a sexta","bairro":"Centro","cep":"35.700-019","cidade":"Sete Lagoas","uf":"MG"},"transportadora":{"id":0,"nome":""},"formaFrete":{"id":0,"descricao":""}}}}
nov. 13, 2024 11:13:46 AM controler.business.comunicaTiny.Comunica getEtiqueta
INFORMAÇÕES: buscando etiqueta
nov. 13, 2024 11:13:47 AM controler.business.comunicaTiny.Comunica getEtiqueta
INFORMAÇÕES: retorno da busca{"retorno":{"status_processamento":"3","status":"OK","links":[{"link":"https:\/\/s3.amazonaws.com\/tiny-tmp-us\/erp\/ODMxNjAxNTQz\/api\/etiquetas\/fe39bf55ef77ee81c544e29331cf17cd.pdf"}]}}
nov. 13, 2024 11:13:47 AM controler.business.comunicaTiny.Comunica getExpedicao
INFORMAÇÕES: Buscando expedicao
nov. 13, 2024 11:13:47 AM controler.business.comunicaTiny.Comunica getExpedicao
INFORMAÇÕES: retorno da busca{"retorno":{"status_processamento":"2","status":"Erro","codigo_erro":32,"erros":{"erro":"Expedi\u00e7\u00e3o n\u00e3o encontrada pelo idObjeto informado"}}}
nov. 13, 2024 11:13:53 AM controler.business.comunicaTiny.Comunica verificaConexao
INFORMAÇÕES: verificando conexao
nov. 13, 2024 11:13:53 AM controler.business.comunicaTiny.Comunica getSeparacao
INFORMAÇÕES: Buscando separacao
nov. 13, 2024 11:13:54 AM controler.business.comunicaTiny.Comunica getSeparacao
INFORMAÇÕES: retorno da busca{"retorno":{"status_processamento":"3","status":"OK","separacoes":[{"id":"917646849","idOrigem":"917644204","objOrigem":"venda","situacao":"3","dataCriacao":"13\/11\/2024","dataSeparacao":"13\/11\/2024","dataCheckout":"13\/11\/2024","destinatario":"Jessica Faria","idContato":"759261950","numero":"4959","dataEmissao":"13\/11\/2024","idFormaEnvio":"831447161","numeroPedidoEcommerce":"2000006624800075","idOrigemVinc":"917647696","objOrigemVinc":"notafiscal","situacaoVenda":"7"},{"id":"917653044","idOrigem":"917650975","objOrigem":"venda","situacao":"3","dataCriacao":"13\/11\/2024","dataSeparacao":"13\/11\/2024","dataCheckout":"13\/11\/2024","destinatario":"Miryan palhari zacarias benez","idContato":"759010131","numero":"4961","dataEmissao":"13\/11\/2024","idFormaEnvio":"832320467","numeroPedidoEcommerce":"702-4660077-8820217","idOrigemVinc":"917655927","objOrigemVinc":"notafiscal","situacaoVenda":"5"}],"numero_paginas":1,"pagina":"1"}}
nov. 13, 2024 11:13:54 AM controler.business.comunicaTiny.Comunica verificaConexao
INFORMAÇÕES: Retorno da buscamodel.RetornoSeparacao@356b18a3
nov. 13, 2024 11:13:54 AM controler.business.comunicaTiny.Comunica verificaConexao
INFORMAÇÕES: Retorno da buscamodel.RetornoSeparacao@356b18a3
nov. 13, 2024 11:13:54 AM controler.business.comunicaTiny.Comunica getSeparacao
INFORMAÇÕES: Buscando separacao
nov. 13, 2024 11:13:54 AM controler.business.comunicaTiny.Comunica getSeparacao
INFORMAÇÕES: retorno da busca{"retorno":{"status_processamento":"3","status":"OK","separacoes":[{"id":"917646849","idOrigem":"917644204","objOrigem":"venda","situacao":"3","dataCriacao":"13\/11\/2024","dataSeparacao":"13\/11\/2024","dataCheckout":"13\/11\/2024","destinatario":"Jessica Faria","idContato":"759261950","numero":"4959","dataEmissao":"13\/11\/2024","idFormaEnvio":"831447161","numeroPedidoEcommerce":"2000006624800075","idOrigemVinc":"917647696","objOrigemVinc":"notafiscal","situacaoVenda":"7"},{"id":"917653044","idOrigem":"917650975","objOrigem":"venda","situacao":"3","dataCriacao":"13\/11\/2024","dataSeparacao":"13\/11\/2024","dataCheckout":"13\/11\/2024","destinatario":"Miryan palhari zacarias benez","idContato":"759010131","numero":"4961","dataEmissao":"13\/11\/2024","idFormaEnvio":"832320467","numeroPedidoEcommerce":"702-4660077-8820217","idOrigemVinc":"917655927","objOrigemVinc":"notafiscal","situacaoVenda":"5"}],"numero_paginas":1,"pagina":"1"}}
nov. 13, 2024 11:13:54 AM controler.business.comunicaTiny.Comunica getExpedicao
INFORMAÇÕES: Buscando expedicao
nov. 13, 2024 11:13:55 AM controler.business.comunicaTiny.Comunica getExpedicao
INFORMAÇÕES: retorno da busca{"retorno":{"status_processamento":"3","status":"OK","expedicao":{"id":"520086179","tipoObjeto":"notafiscal","idObjeto":"917647696","idAgrupamento":"498037392","situacao":"1","dataEmissao":"13\/11\/2024","formaEnvio":"M","identificacao":"NF 003452","qtdVolumes":"0","valorDeclarado":"0,00","possuiValorDeclarado":"N","pesoBruto":"0,000","codigoRastreamento":"","urlRastreamento":"","possuiAR":"N","embalagem":{"tipo":"0","altura":"0,00","largura":"0,00","comprimento":"0,00","diametro":"0,00"},"destinatario":{"nome":"Alice Maciel","endereco":"Rua C\u00e2ndido Azeredo","numero":"21","complemento":"301 Referencia: Entregar em hor\u00e1rio comercial 08hs as 17hs segunda a sexta","bairro":"Centro","cep":"35.700-019","cidade":"Sete Lagoas","uf":"MG"},"transportadora":{"id":0,"nome":""},"formaFrete":{"id":0,"descricao":""}}}}
nov. 13, 2024 11:13:55 AM controler.business.comunicaTiny.Comunica getEtiqueta
INFORMAÇÕES: buscando etiqueta
nov. 13, 2024 11:13:56 AM controler.business.comunicaTiny.Comunica getEtiqueta
INFORMAÇÕES: retorno da busca{"retorno":{"status_processamento":"3","status":"OK","links":[{"link":"https:\/\/s3.amazonaws.com\/tiny-tmp-us\/erp\/ODMxNjAxNTQz\/api\/etiquetas\/86fb2c90a49c5b95f7b58e5b4fa36804.pdf"}]}}
nov. 13, 2024 11:13:56 AM controler.business.comunicaTiny.Comunica getExpedicao
INFORMAÇÕES: Buscando expedicao
nov. 13, 2024 11:13:56 AM controler.business.comunicaTiny.Comunica getExpedicao
INFORMAÇÕES: retorno da busca{"retorno":{"status_processamento":"2","status":"Erro","codigo_erro":32,"erros":{"erro":"Expedi\u00e7\u00e3o n\u00e3o encontrada pelo idObjeto informado"}}}
nov. 13, 2024 11:14:02 AM controler.business.comunicaTiny.Comunica verificaConexao
INFORMAÇÕES: verificando conexao
nov. 13, 2024 11:14:02 AM controler.business.comunicaTiny.Comunica getSeparacao
INFORMAÇÕES: Buscando separacao
nov. 13, 2024 11:14:03 AM controler.business.comunicaTiny.Comunica getSeparacao
INFORMAÇÕES: retorno da busca{"retorno":{"status_processamento":"3","status":"OK","separacoes":[{"id":"917646849","idOrigem":"917644204","objOrigem":"venda","situacao":"3","dataCriacao":"13\/11\/2024","dataSeparacao":"13\/11\/2024","dataCheckout":"13\/11\/2024","destinatario":"Jessica Faria","idContato":"759261950","numero":"4959","dataEmissao":"13\/11\/2024","idFormaEnvio":"831447161","numeroPedidoEcommerce":"2000006624800075","idOrigemVinc":"917647696","objOrigemVinc":"notafiscal","situacaoVenda":"7"},{"id":"917653044","idOrigem":"917650975","objOrigem":"venda","situacao":"3","dataCriacao":"13\/11\/2024","dataSeparacao":"13\/11\/2024","dataCheckout":"13\/11\/2024","destinatario":"Miryan palhari zacarias benez","idContato":"759010131","numero":"4961","dataEmissao":"13\/11\/2024","idFormaEnvio":"832320467","numeroPedidoEcommerce":"702-4660077-8820217","idOrigemVinc":"917655927","objOrigemVinc":"notafiscal","situacaoVenda":"5"}],"numero_paginas":1,"pagina":"1"}}
nov. 13, 2024 11:14:03 AM controler.business.comunicaTiny.Comunica verificaConexao
INFORMAÇÕES: Retorno da buscamodel.RetornoSeparacao@1a2d313e
nov. 13, 2024 11:14:03 AM controler.business.comunicaTiny.Comunica verificaConexao
INFORMAÇÕES: Retorno da buscamodel.RetornoSeparacao@1a2d313e
nov. 13, 2024 11:14:03 AM controler.business.comunicaTiny.Comunica getSeparacao
INFORMAÇÕES: Buscando separacao
nov. 13, 2024 11:14:03 AM controler.business.comunicaTiny.Comunica getSeparacao
INFORMAÇÕES: retorno da busca{"retorno":{"status_processamento":"3","status":"OK","separacoes":[{"id":"917646849","idOrigem":"917644204","objOrigem":"venda","situacao":"3","dataCriacao":"13\/11\/2024","dataSeparacao":"13\/11\/2024","dataCheckout":"13\/11\/2024","destinatario":"Jessica Faria","idContato":"759261950","numero":"4959","dataEmissao":"13\/11\/2024","idFormaEnvio":"831447161","numeroPedidoEcommerce":"2000006624800075","idOrigemVinc":"917647696","objOrigemVinc":"notafiscal","situacaoVenda":"7"},{"id":"917653044","idOrigem":"917650975","objOrigem":"venda","situacao":"3","dataCriacao":"13\/11\/2024","dataSeparacao":"13\/11\/2024","dataCheckout":"13\/11\/2024","destinatario":"Miryan palhari zacarias benez","idContato":"759010131","numero":"4961","dataEmissao":"13\/11\/2024","idFormaEnvio":"832320467","numeroPedidoEcommerce":"702-4660077-8820217","idOrigemVinc":"917655927","objOrigemVinc":"notafiscal","situacaoVenda":"5"}],"numero_paginas":1,"pagina":"1"}}
nov. 13, 2024 11:14:03 AM controler.business.comunicaTiny.Comunica getExpedicao
INFORMAÇÕES: Buscando expedicao
nov. 13, 2024 11:14:03 AM controler.business.comunicaTiny.Comunica getExpedicao
INFORMAÇÕES: retorno da busca{"retorno":{"status_processamento":"3","status":"OK","expedicao":{"id":"520086179","tipoObjeto":"notafiscal","idObjeto":"917647696","idAgrupamento":"498037392","situacao":"1","dataEmissao":"13\/11\/2024","formaEnvio":"M","identificacao":"NF 003452","qtdVolumes":"0","valorDeclarado":"0,00","possuiValorDeclarado":"N","pesoBruto":"0,000","codigoRastreamento":"","urlRastreamento":"","possuiAR":"N","embalagem":{"tipo":"0","altura":"0,00","largura":"0,00","comprimento":"0,00","diametro":"0,00"},"destinatario":{"nome":"Alice Maciel","endereco":"Rua C\u00e2ndido Azeredo","numero":"21","complemento":"301 Referencia: Entregar em hor\u00e1rio comercial 08hs as 17hs segunda a sexta","bairro":"Centro","cep":"35.700-019","cidade":"Sete Lagoas","uf":"MG"},"transportadora":{"id":0,"nome":""},"formaFrete":{"id":0,"descricao":""}}}}
nov. 13, 2024 11:14:03 AM controler.business.comunicaTiny.Comunica getEtiqueta
INFORMAÇÕES: buscando etiqueta
nov. 13, 2024 11:14:04 AM controler.business.comunicaTiny.Comunica getEtiqueta
INFORMAÇÕES: retorno da busca{"retorno":{"status_processamento":"3","status":"OK","links":[{"link":"https:\/\/s3.amazonaws.com\/tiny-tmp-us\/erp\/ODMxNjAxNTQz\/api\/etiquetas\/f9be333d6add1e166e8718a93d5f9588.pdf"}]}}
nov. 13, 2024 11:14:04 AM controler.business.comunicaTiny.Comunica getExpedicao
INFORMAÇÕES: Buscando expedicao
nov. 13, 2024 11:14:05 AM controler.business.comunicaTiny.Comunica getExpedicao
INFORMAÇÕES: retorno da busca{"retorno":{"status_processamento":"2","status":"Erro","codigo_erro":32,"erros":{"erro":"Expedi\u00e7\u00e3o n\u00e3o encontrada pelo idObjeto informado"}}}
nov. 13, 2024 11:14:11 AM controler.business.comunicaTiny.Comunica verificaConexao
INFORMAÇÕES: verificando conexao
nov. 13, 2024 11:14:11 AM controler.business.comunicaTiny.Comunica getSeparacao
INFORMAÇÕES: Buscando separacao
nov. 13, 2024 11:14:12 AM controler.business.comunicaTiny.Comunica getSeparacao
INFORMAÇÕES: retorno da busca{"retorno":{"status_processamento":"3","status":"OK","separacoes":[{"id":"917646849","idOrigem":"917644204","objOrigem":"venda","situacao":"3","dataCriacao":"13\/11\/2024","dataSeparacao":"13\/11\/2024","dataCheckout":"13\/11\/2024","destinatario":"Jessica Faria","idContato":"759261950","numero":"4959","dataEmissao":"13\/11\/2024","idFormaEnvio":"831447161","numeroPedidoEcommerce":"2000006624800075","idOrigemVinc":"917647696","objOrigemVinc":"notafiscal","situacaoVenda":"7"},{"id":"917653044","idOrigem":"917650975","objOrigem":"venda","situacao":"3","dataCriacao":"13\/11\/2024","dataSeparacao":"13\/11\/2024","dataCheckout":"13\/11\/2024","destinatario":"Miryan palhari zacarias benez","idContato":"759010131","numero":"4961","dataEmissao":"13\/11\/2024","idFormaEnvio":"832320467","numeroPedidoEcommerce":"702-4660077-8820217","idOrigemVinc":"917655927","objOrigemVinc":"notafiscal","situacaoVenda":"5"}],"numero_paginas":1,"pagina":"1"}}
nov. 13, 2024 11:14:12 AM controler.business.comunicaTiny.Comunica verificaConexao
INFORMAÇÕES: Retorno da buscamodel.RetornoSeparacao@179a7db9
nov. 13, 2024 11:14:12 AM controler.business.comunicaTiny.Comunica verificaConexao
INFORMAÇÕES: Retorno da buscamodel.RetornoSeparacao@179a7db9
nov. 13, 2024 11:14:12 AM controler.business.comunicaTiny.Comunica getSeparacao
INFORMAÇÕES: Buscando separacao
nov. 13, 2024 11:14:12 AM controler.business.comunicaTiny.Comunica getSeparacao
INFORMAÇÕES: retorno da busca{"retorno":{"status_processamento":"3","status":"OK","separacoes":[{"id":"917646849","idOrigem":"917644204","objOrigem":"venda","situacao":"3","dataCriacao":"13\/11\/2024","dataSeparacao":"13\/11\/2024","dataCheckout":"13\/11\/2024","destinatario":"Jessica Faria","idContato":"759261950","numero":"4959","dataEmissao":"13\/11\/2024","idFormaEnvio":"831447161","numeroPedidoEcommerce":"2000006624800075","idOrigemVinc":"917647696","objOrigemVinc":"notafiscal","situacaoVenda":"7"},{"id":"917653044","idOrigem":"917650975","objOrigem":"venda","situacao":"3","dataCriacao":"13\/11\/2024","dataSeparacao":"13\/11\/2024","dataCheckout":"13\/11\/2024","destinatario":"Miryan palhari zacarias benez","idContato":"759010131","numero":"4961","dataEmissao":"13\/11\/2024","idFormaEnvio":"832320467","numeroPedidoEcommerce":"702-4660077-8820217","idOrigemVinc":"917655927","objOrigemVinc":"notafiscal","situacaoVenda":"5"}],"numero_paginas":1,"pagina":"1"}}
nov. 13, 2024 11:14:12 AM controler.business.comunicaTiny.Comunica getExpedicao
INFORMAÇÕES: Buscando expedicao
nov. 13, 2024 11:14:13 AM controler.business.comunicaTiny.Comunica getExpedicao
INFORMAÇÕES: retorno da busca{"retorno":{"status_processamento":"3","status":"OK","expedicao":{"id":"520086179","tipoObjeto":"notafiscal","idObjeto":"917647696","idAgrupamento":"498037392","situacao":"1","dataEmissao":"13\/11\/2024","formaEnvio":"M","identificacao":"NF 003452","qtdVolumes":"0","valorDeclarado":"0,00","possuiValorDeclarado":"N","pesoBruto":"0,000","codigoRastreamento":"","urlRastreamento":"","possuiAR":"N","embalagem":{"tipo":"0","altura":"0,00","largura":"0,00","comprimento":"0,00","diametro":"0,00"},"destinatario":{"nome":"Alice Maciel","endereco":"Rua C\u00e2ndido Azeredo","numero":"21","complemento":"301 Referencia: Entregar em hor\u00e1rio comercial 08hs as 17hs segunda a sexta","bairro":"Centro","cep":"35.700-019","cidade":"Sete Lagoas","uf":"MG"},"transportadora":{"id":0,"nome":""},"formaFrete":{"id":0,"descricao":""}}}}
nov. 13, 2024 11:14:13 AM controler.business.comunicaTiny.Comunica getEtiqueta
INFORMAÇÕES: buscando etiqueta
nov. 13, 2024 11:14:14 AM controler.business.comunicaTiny.Comunica getEtiqueta
INFORMAÇÕES: retorno da busca{"retorno":{"status_processamento":"3","status":"OK","links":[{"link":"https:\/\/s3.amazonaws.com\/tiny-tmp-us\/erp\/ODMxNjAxNTQz\/api\/etiquetas\/8c42735697a9174a9f37d3abea0140f5.pdf"}]}}
nov. 13, 2024 11:14:14 AM controler.business.comunicaTiny.Comunica getExpedicao
INFORMAÇÕES: Buscando expedicao
nov. 13, 2024 11:14:14 AM controler.business.comunicaTiny.Comunica getExpedicao
INFORMAÇÕES: retorno da busca{"retorno":{"status_processamento":"2","status":"Erro","codigo_erro":32,"erros":{"erro":"Expedi\u00e7\u00e3o n\u00e3o encontrada pelo idObjeto informado"}}}
nov. 13, 2024 11:14:20 AM controler.business.comunicaTiny.Comunica verificaConexao
INFORMAÇÕES: verificando conexao
nov. 13, 2024 11:14:20 AM controler.business.comunicaTiny.Comunica getSeparacao
INFORMAÇÕES: Buscando separacao
nov. 13, 2024 11:14:21 AM controler.business.comunicaTiny.Comunica getSeparacao
INFORMAÇÕES: retorno da busca{"retorno":{"status_processamento":"3","status":"OK","separacoes":[{"id":"917646849","idOrigem":"917644204","objOrigem":"venda","situacao":"3","dataCriacao":"13\/11\/2024","dataSeparacao":"13\/11\/2024","dataCheckout":"13\/11\/2024","destinatario":"Jessica Faria","idContato":"759261950","numero":"4959","dataEmissao":"13\/11\/2024","idFormaEnvio":"831447161","numeroPedidoEcommerce":"2000006624800075","idOrigemVinc":"917647696","objOrigemVinc":"notafiscal","situacaoVenda":"7"},{"id":"917653044","idOrigem":"917650975","objOrigem":"venda","situacao":"3","dataCriacao":"13\/11\/2024","dataSeparacao":"13\/11\/2024","dataCheckout":"13\/11\/2024","destinatario":"Miryan palhari zacarias benez","idContato":"759010131","numero":"4961","dataEmissao":"13\/11\/2024","idFormaEnvio":"832320467","numeroPedidoEcommerce":"702-4660077-8820217","idOrigemVinc":"917655927","objOrigemVinc":"notafiscal","situacaoVenda":"5"}],"numero_paginas":1,"pagina":"1"}}
nov. 13, 2024 11:14:21 AM controler.business.comunicaTiny.Comunica verificaConexao
INFORMAÇÕES: Retorno da buscamodel.RetornoSeparacao@51771e5e
nov. 13, 2024 11:14:21 AM controler.business.comunicaTiny.Comunica verificaConexao
INFORMAÇÕES: Retorno da buscamodel.RetornoSeparacao@51771e5e
nov. 13, 2024 11:14:21 AM controler.business.comunicaTiny.Comunica getSeparacao
INFORMAÇÕES: Buscando separacao
nov. 13, 2024 11:14:21 AM controler.business.comunicaTiny.Comunica getSeparacao
INFORMAÇÕES: retorno da busca{"retorno":{"status_processamento":"3","status":"OK","separacoes":[{"id":"917646849","idOrigem":"917644204","objOrigem":"venda","situacao":"3","dataCriacao":"13\/11\/2024","dataSeparacao":"13\/11\/2024","dataCheckout":"13\/11\/2024","destinatario":"Jessica Faria","idContato":"759261950","numero":"4959","dataEmissao":"13\/11\/2024","idFormaEnvio":"831447161","numeroPedidoEcommerce":"2000006624800075","idOrigemVinc":"917647696","objOrigemVinc":"notafiscal","situacaoVenda":"7"},{"id":"917653044","idOrigem":"917650975","objOrigem":"venda","situacao":"3","dataCriacao":"13\/11\/2024","dataSeparacao":"13\/11\/2024","dataCheckout":"13\/11\/2024","destinatario":"Miryan palhari zacarias benez","idContato":"759010131","numero":"4961","dataEmissao":"13\/11\/2024","idFormaEnvio":"832320467","numeroPedidoEcommerce":"702-4660077-8820217","idOrigemVinc":"917655927","objOrigemVinc":"notafiscal","situacaoVenda":"5"}],"numero_paginas":1,"pagina":"1"}}
nov. 13, 2024 11:14:21 AM controler.business.comunicaTiny.Comunica getExpedicao
INFORMAÇÕES: Buscando expedicao
nov. 13, 2024 11:14:22 AM controler.business.comunicaTiny.Comunica getExpedicao
INFORMAÇÕES: retorno da busca{"retorno":{"status_processamento":"3","status":"OK","expedicao":{"id":"520086179","tipoObjeto":"notafiscal","idObjeto":"917647696","idAgrupamento":"498037392","situacao":"1","dataEmissao":"13\/11\/2024","formaEnvio":"M","identificacao":"NF 003452","qtdVolumes":"0","valorDeclarado":"0,00","possuiValorDeclarado":"N","pesoBruto":"0,000","codigoRastreamento":"","urlRastreamento":"","possuiAR":"N","embalagem":{"tipo":"0","altura":"0,00","largura":"0,00","comprimento":"0,00","diametro":"0,00"},"destinatario":{"nome":"Alice Maciel","endereco":"Rua C\u00e2ndido Azeredo","numero":"21","complemento":"301 Referencia: Entregar em hor\u00e1rio comercial 08hs as 17hs segunda a sexta","bairro":"Centro","cep":"35.700-019","cidade":"Sete Lagoas","uf":"MG"},"transportadora":{"id":0,"nome":""},"formaFrete":{"id":0,"descricao":""}}}}
nov. 13, 2024 11:14:22 AM controler.business.comunicaTiny.Comunica getEtiqueta
INFORMAÇÕES: buscando etiqueta
nov. 13, 2024 11:14:23 AM controler.business.comunicaTiny.Comunica getEtiqueta
INFORMAÇÕES: retorno da busca{"retorno":{"status_processamento":"3","status":"OK","links":[{"link":"https:\/\/s3.amazonaws.com\/tiny-tmp-us\/erp\/ODMxNjAxNTQz\/api\/etiquetas\/3b4718e5b1142549e8e13179b2e8687d.pdf"}]}}
nov. 13, 2024 11:14:23 AM controler.business.comunicaTiny.Comunica getExpedicao
INFORMAÇÕES: Buscando expedicao
nov. 13, 2024 11:14:23 AM controler.business.comunicaTiny.Comunica getExpedicao
INFORMAÇÕES: retorno da busca{"retorno":{"status_processamento":"2","status":"Erro","codigo_erro":32,"erros":{"erro":"Expedi\u00e7\u00e3o n\u00e3o encontrada pelo idObjeto informado"}}}
nov. 13, 2024 11:14:29 AM controler.business.comunicaTiny.Comunica verificaConexao
INFORMAÇÕES: verificando conexao
nov. 13, 2024 11:14:29 AM controler.business.comunicaTiny.Comunica getSeparacao
INFORMAÇÕES: Buscando separacao
nov. 13, 2024 11:14:29 AM controler.business.comunicaTiny.Comunica getSeparacao
INFORMAÇÕES: retorno da busca{"retorno":{"status_processamento":"3","status":"OK","separacoes":[{"id":"917646849","idOrigem":"917644204","objOrigem":"venda","situacao":"3","dataCriacao":"13\/11\/2024","dataSeparacao":"13\/11\/2024","dataCheckout":"13\/11\/2024","destinatario":"Jessica Faria","idContato":"759261950","numero":"4959","dataEmissao":"13\/11\/2024","idFormaEnvio":"831447161","numeroPedidoEcommerce":"2000006624800075","idOrigemVinc":"917647696","objOrigemVinc":"notafiscal","situacaoVenda":"7"},{"id":"917653044","idOrigem":"917650975","objOrigem":"venda","situacao":"3","dataCriacao":"13\/11\/2024","dataSeparacao":"13\/11\/2024","dataCheckout":"13\/11\/2024","destinatario":"Miryan palhari zacarias benez","idContato":"759010131","numero":"4961","dataEmissao":"13\/11\/2024","idFormaEnvio":"832320467","numeroPedidoEcommerce":"702-4660077-8820217","idOrigemVinc":"917655927","objOrigemVinc":"notafiscal","situacaoVenda":"5"}],"numero_paginas":1,"pagina":"1"}}
nov. 13, 2024 11:14:29 AM controler.business.comunicaTiny.Comunica verificaConexao
INFORMAÇÕES: Retorno da buscamodel.RetornoSeparacao@527172b2
nov. 13, 2024 11:14:29 AM controler.business.comunicaTiny.Comunica verificaConexao
INFORMAÇÕES: Retorno da buscamodel.RetornoSeparacao@527172b2
nov. 13, 2024 11:14:29 AM controler.business.comunicaTiny.Comunica getSeparacao
INFORMAÇÕES: Buscando separacao
nov. 13, 2024 11:14:30 AM controler.business.comunicaTiny.Comunica getSeparacao
INFORMAÇÕES: retorno da busca{"retorno":{"status_processamento":"3","status":"OK","separacoes":[{"id":"917646849","idOrigem":"917644204","objOrigem":"venda","situacao":"3","dataCriacao":"13\/11\/2024","dataSeparacao":"13\/11\/2024","dataCheckout":"13\/11\/2024","destinatario":"Jessica Faria","idContato":"759261950","numero":"4959","dataEmissao":"13\/11\/2024","idFormaEnvio":"831447161","numeroPedidoEcommerce":"2000006624800075","idOrigemVinc":"917647696","objOrigemVinc":"notafiscal","situacaoVenda":"7"},{"id":"917653044","idOrigem":"917650975","objOrigem":"venda","situacao":"3","dataCriacao":"13\/11\/2024","dataSeparacao":"13\/11\/2024","dataCheckout":"13\/11\/2024","destinatario":"Miryan palhari zacarias benez","idContato":"759010131","numero":"4961","dataEmissao":"13\/11\/2024","idFormaEnvio":"832320467","numeroPedidoEcommerce":"702-4660077-8820217","idOrigemVinc":"917655927","objOrigemVinc":"notafiscal","situacaoVenda":"5"}],"numero_paginas":1,"pagina":"1"}}
nov. 13, 2024 11:14:30 AM controler.business.comunicaTiny.Comunica getExpedicao
INFORMAÇÕES: Buscando expedicao
nov. 13, 2024 11:14:30 AM controler.business.comunicaTiny.Comunica getExpedicao
INFORMAÇÕES: retorno da busca{"retorno":{"status_processamento":"3","status":"OK","expedicao":{"id":"520086179","tipoObjeto":"notafiscal","idObjeto":"917647696","idAgrupamento":"498037392","situacao":"1","dataEmissao":"13\/11\/2024","formaEnvio":"M","identificacao":"NF 003452","qtdVolumes":"0","valorDeclarado":"0,00","possuiValorDeclarado":"N","pesoBruto":"0,000","codigoRastreamento":"","urlRastreamento":"","possuiAR":"N","embalagem":{"tipo":"0","altura":"0,00","largura":"0,00","comprimento":"0,00","diametro":"0,00"},"destinatario":{"nome":"Alice Maciel","endereco":"Rua C\u00e2ndido Azeredo","numero":"21","complemento":"301 Referencia: Entregar em hor\u00e1rio comercial 08hs as 17hs segunda a sexta","bairro":"Centro","cep":"35.700-019","cidade":"Sete Lagoas","uf":"MG"},"transportadora":{"id":0,"nome":""},"formaFrete":{"id":0,"descricao":""}}}}
nov. 13, 2024 11:14:30 AM controler.business.comunicaTiny.Comunica getEtiqueta
INFORMAÇÕES: buscando etiqueta
nov. 13, 2024 11:14:31 AM controler.business.comunicaTiny.Comunica getEtiqueta
INFORMAÇÕES: retorno da busca{"retorno":{"status_processamento":"3","status":"OK","links":[{"link":"https:\/\/s3.amazonaws.com\/tiny-tmp-us\/erp\/ODMxNjAxNTQz\/api\/etiquetas\/70a4df0844e649f3415a50b86f40042b.pdf"}]}}
nov. 13, 2024 11:14:31 AM controler.business.comunicaTiny.Comunica getExpedicao
INFORMAÇÕES: Buscando expedicao
nov. 13, 2024 11:14:32 AM controler.business.comunicaTiny.Comunica getExpedicao
INFORMAÇÕES: retorno da busca{"retorno":{"status_processamento":"2","status":"Erro","codigo_erro":32,"erros":{"erro":"Expedi\u00e7\u00e3o n\u00e3o encontrada pelo idObjeto informado"}}}
nov. 13, 2024 11:14:38 AM controler.business.comunicaTiny.Comunica verificaConexao
INFORMAÇÕES: verificando conexao
nov. 13, 2024 11:14:38 AM controler.business.comunicaTiny.Comunica getSeparacao
INFORMAÇÕES: Buscando separacao
nov. 13, 2024 11:14:38 AM controler.business.comunicaTiny.Comunica getSeparacao
INFORMAÇÕES: retorno da busca{"retorno":{"status_processamento":"3","status":"OK","separacoes":[{"id":"917646849","idOrigem":"917644204","objOrigem":"venda","situacao":"3","dataCriacao":"13\/11\/2024","dataSeparacao":"13\/11\/2024","dataCheckout":"13\/11\/2024","destinatario":"Jessica Faria","idContato":"759261950","numero":"4959","dataEmissao":"13\/11\/2024","idFormaEnvio":"831447161","numeroPedidoEcommerce":"2000006624800075","idOrigemVinc":"917647696","objOrigemVinc":"notafiscal","situacaoVenda":"7"},{"id":"917653044","idOrigem":"917650975","objOrigem":"venda","situacao":"3","dataCriacao":"13\/11\/2024","dataSeparacao":"13\/11\/2024","dataCheckout":"13\/11\/2024","destinatario":"Miryan palhari zacarias benez","idContato":"759010131","numero":"4961","dataEmissao":"13\/11\/2024","idFormaEnvio":"832320467","numeroPedidoEcommerce":"702-4660077-8820217","idOrigemVinc":"917655927","objOrigemVinc":"notafiscal","situacaoVenda":"5"}],"numero_paginas":1,"pagina":"1"}}
nov. 13, 2024 11:14:38 AM controler.business.comunicaTiny.Comunica verificaConexao
INFORMAÇÕES: Retorno da buscamodel.RetornoSeparacao@335bb67c
nov. 13, 2024 11:14:38 AM controler.business.comunicaTiny.Comunica verificaConexao
INFORMAÇÕES: Retorno da buscamodel.RetornoSeparacao@335bb67c
nov. 13, 2024 11:14:38 AM controler.business.comunicaTiny.Comunica getSeparacao
INFORMAÇÕES: Buscando separacao
nov. 13, 2024 11:14:39 AM controler.business.comunicaTiny.Comunica getSeparacao
INFORMAÇÕES: retorno da busca{"retorno":{"status_processamento":"3","status":"OK","separacoes":[{"id":"917646849","idOrigem":"917644204","objOrigem":"venda","situacao":"3","dataCriacao":"13\/11\/2024","dataSeparacao":"13\/11\/2024","dataCheckout":"13\/11\/2024","destinatario":"Jessica Faria","idContato":"759261950","numero":"4959","dataEmissao":"13\/11\/2024","idFormaEnvio":"831447161","numeroPedidoEcommerce":"2000006624800075","idOrigemVinc":"917647696","objOrigemVinc":"notafiscal","situacaoVenda":"7"},{"id":"917653044","idOrigem":"917650975","objOrigem":"venda","situacao":"3","dataCriacao":"13\/11\/2024","dataSeparacao":"13\/11\/2024","dataCheckout":"13\/11\/2024","destinatario":"Miryan palhari zacarias benez","idContato":"759010131","numero":"4961","dataEmissao":"13\/11\/2024","idFormaEnvio":"832320467","numeroPedidoEcommerce":"702-4660077-8820217","idOrigemVinc":"917655927","objOrigemVinc":"notafiscal","situacaoVenda":"5"}],"numero_paginas":1,"pagina":"1"}}
nov. 13, 2024 11:14:39 AM controler.business.comunicaTiny.Comunica getExpedicao
INFORMAÇÕES: Buscando expedicao
nov. 13, 2024 11:14:39 AM controler.business.comunicaTiny.Comunica getExpedicao
INFORMAÇÕES: retorno da busca{"retorno":{"status_processamento":"3","status":"OK","expedicao":{"id":"520086179","tipoObjeto":"notafiscal","idObjeto":"917647696","idAgrupamento":"498037392","situacao":"1","dataEmissao":"13\/11\/2024","formaEnvio":"M","identificacao":"NF 003452","qtdVolumes":"0","valorDeclarado":"0,00","possuiValorDeclarado":"N","pesoBruto":"0,000","codigoRastreamento":"","urlRastreamento":"","possuiAR":"N","embalagem":{"tipo":"0","altura":"0,00","largura":"0,00","comprimento":"0,00","diametro":"0,00"},"destinatario":{"nome":"Alice Maciel","endereco":"Rua C\u00e2ndido Azeredo","numero":"21","complemento":"301 Referencia: Entregar em hor\u00e1rio comercial 08hs as 17hs segunda a sexta","bairro":"Centro","cep":"35.700-019","cidade":"Sete Lagoas","uf":"MG"},"transportadora":{"id":0,"nome":""},"formaFrete":{"id":0,"descricao":""}}}}
nov. 13, 2024 11:14:39 AM controler.business.comunicaTiny.Comunica getEtiqueta
INFORMAÇÕES: buscando etiqueta
nov. 13, 2024 11:14:40 AM controler.business.comunicaTiny.Comunica getEtiqueta
INFORMAÇÕES: retorno da busca{"retorno":{"status_processamento":"3","status":"OK","links":[{"link":"https:\/\/s3.amazonaws.com\/tiny-tmp-us\/erp\/ODMxNjAxNTQz\/api\/etiquetas\/5aef99415a8aefd5675bbc8e399e65bd.pdf"}]}}
nov. 13, 2024 11:14:40 AM controler.business.comunicaTiny.Comunica getExpedicao
INFORMAÇÕES: Buscando expedicao
nov. 13, 2024 11:14:40 AM controler.business.comunicaTiny.Comunica getExpedicao
INFORMAÇÕES: retorno da busca{"retorno":{"status_processamento":"2","status":"Erro","codigo_erro":32,"erros":{"erro":"Expedi\u00e7\u00e3o n\u00e3o encontrada pelo idObjeto informado"}}}
nov. 13, 2024 11:14:46 AM controler.business.comunicaTiny.Comunica verificaConexao
INFORMAÇÕES: verificando conexao
nov. 13, 2024 11:14:46 AM controler.business.comunicaTiny.Comunica getSeparacao
INFORMAÇÕES: Buscando separacao
nov. 13, 2024 11:14:47 AM controler.business.comunicaTiny.Comunica getSeparacao
INFORMAÇÕES: retorno da busca{"retorno":{"status_processamento":"3","status":"OK","separacoes":[{"id":"917646849","idOrigem":"917644204","objOrigem":"venda","situacao":"3","dataCriacao":"13\/11\/2024","dataSeparacao":"13\/11\/2024","dataCheckout":"13\/11\/2024","destinatario":"Jessica Faria","idContato":"759261950","numero":"4959","dataEmissao":"13\/11\/2024","idFormaEnvio":"831447161","numeroPedidoEcommerce":"2000006624800075","idOrigemVinc":"917647696","objOrigemVinc":"notafiscal","situacaoVenda":"7"},{"id":"917653044","idOrigem":"917650975","objOrigem":"venda","situacao":"3","dataCriacao":"13\/11\/2024","dataSeparacao":"13\/11\/2024","dataCheckout":"13\/11\/2024","destinatario":"Miryan palhari zacarias benez","idContato":"759010131","numero":"4961","dataEmissao":"13\/11\/2024","idFormaEnvio":"832320467","numeroPedidoEcommerce":"702-4660077-8820217","idOrigemVinc":"917655927","objOrigemVinc":"notafiscal","situacaoVenda":"5"}],"numero_paginas":1,"pagina":"1"}}
nov. 13, 2024 11:14:47 AM controler.business.comunicaTiny.Comunica verificaConexao
INFORMAÇÕES: Retorno da buscamodel.RetornoSeparacao@2866e380
nov. 13, 2024 11:14:47 AM controler.business.comunicaTiny.Comunica verificaConexao
INFORMAÇÕES: Retorno da buscamodel.RetornoSeparacao@2866e380
nov. 13, 2024 11:14:47 AM controler.business.comunicaTiny.Comunica getSeparacao
INFORMAÇÕES: Buscando separacao
nov. 13, 2024 11:14:47 AM controler.business.comunicaTiny.Comunica getSeparacao
INFORMAÇÕES: retorno da busca{"retorno":{"status_processamento":"3","status":"OK","separacoes":[{"id":"917646849","idOrigem":"917644204","objOrigem":"venda","situacao":"3","dataCriacao":"13\/11\/2024","dataSeparacao":"13\/11\/2024","dataCheckout":"13\/11\/2024","destinatario":"Jessica Faria","idContato":"759261950","numero":"4959","dataEmissao":"13\/11\/2024","idFormaEnvio":"831447161","numeroPedidoEcommerce":"2000006624800075","idOrigemVinc":"917647696","objOrigemVinc":"notafiscal","situacaoVenda":"7"},{"id":"917653044","idOrigem":"917650975","objOrigem":"venda","situacao":"3","dataCriacao":"13\/11\/2024","dataSeparacao":"13\/11\/2024","dataCheckout":"13\/11\/2024","destinatario":"Miryan palhari zacarias benez","idContato":"759010131","numero":"4961","dataEmissao":"13\/11\/2024","idFormaEnvio":"832320467","numeroPedidoEcommerce":"702-4660077-8820217","idOrigemVinc":"917655927","objOrigemVinc":"notafiscal","situacaoVenda":"5"}],"numero_paginas":1,"pagina":"1"}}
nov. 13, 2024 11:14:47 AM controler.business.comunicaTiny.Comunica getExpedicao
INFORMAÇÕES: Buscando expedicao
nov. 13, 2024 11:14:47 AM controler.business.comunicaTiny.Comunica getExpedicao
INFORMAÇÕES: retorno da busca{"retorno":{"status_processamento":"3","status":"OK","expedicao":{"id":"520086179","tipoObjeto":"notafiscal","idObjeto":"917647696","idAgrupamento":"498037392","situacao":"1","dataEmissao":"13\/11\/2024","formaEnvio":"M","identificacao":"NF 003452","qtdVolumes":"0","valorDeclarado":"0,00","possuiValorDeclarado":"N","pesoBruto":"0,000","codigoRastreamento":"","urlRastreamento":"","possuiAR":"N","embalagem":{"tipo":"0","altura":"0,00","largura":"0,00","comprimento":"0,00","diametro":"0,00"},"destinatario":{"nome":"Alice Maciel","endereco":"Rua C\u00e2ndido Azeredo","numero":"21","complemento":"301 Referencia: Entregar em hor\u00e1rio comercial 08hs as 17hs segunda a sexta","bairro":"Centro","cep":"35.700-019","cidade":"Sete Lagoas","uf":"MG"},"transportadora":{"id":0,"nome":""},"formaFrete":{"id":0,"descricao":""}}}}
nov. 13, 2024 11:14:47 AM controler.business.comunicaTiny.Comunica getEtiqueta
INFORMAÇÕES: buscando etiqueta
